This is pdfTeX, Version 3.141592653-2.6-1.40.22 (MiKTeX 21.6) (preloaded format=pdflatex 2021.8.2)  16 DEC 2021 16:44
entering extended mode
**./InformeOL.tex
(InformeOL.tex
LaTeX2e <2021-06-01>
L3 programming layer <2021-06-01> (C:\Program Files\MiKTeX 2.9\tex/latex/base\b
ook.cls
Document Class: book 2021/02/12 v1.4n Standard LaTeX document class
(C:\Program Files\MiKTeX 2.9\tex/latex/base\bk10.clo
File: bk10.clo 2021/02/12 v1.4n Standard LaTeX file (size option)
)
\c@part=\count182
\c@chapter=\count183
\c@section=\count184
\c@subsection=\count185
\c@subsubsection=\count186
\c@paragraph=\count187
\c@subparagraph=\count188
\c@figure=\count189
\c@table=\count190
\abovecaptionskip=\skip47
\belowcaptionskip=\skip48
\bibindent=\dimen138
) (C:\Program Files\MiKTeX 2.9\tex/latex/amsmath\amsmath.sty
Package: amsmath 2021/04/20 v2.17j AMS math features
\@mathmargin=\skip49
For additional information on amsmath, use the `?' option.
(C:\Program Files\MiKTeX 2.9\tex/latex/amsmath\amstext.sty
Package: amstext 2000/06/29 v2.01 AMS text
(C:\Program Files\MiKTeX 2.9\tex/latex/amsmath\amsgen.sty
File: amsgen.sty 1999/11/30 v2.0 generic functions
\@emptytoks=\toks16
\ex@=\dimen139
)) (C:\Program Files\MiKTeX 2.9\tex/latex/amsmath\amsbsy.sty
Package: amsbsy 1999/11/29 v1.2d Bold Symbols
\pmbraise@=\dimen140
) (C:\Program Files\MiKTeX 2.9\tex/latex/amsmath\amsopn.sty
Package: amsopn 2016/03/08 v2.02 operator names
)
\inf@bad=\count191
LaTeX Info: Redefining \frac on input line 234.
\uproot@=\count192
\leftroot@=\count193
LaTeX Info: Redefining \overline on input line 399.
\classnum@=\count194
\DOTSCASE@=\count195
LaTeX Info: Redefining \ldots on input line 496.
LaTeX Info: Redefining \dots on input line 499.
LaTeX Info: Redefining \cdots on input line 620.
\Mathstrutbox@=\box50
\strutbox@=\box51
\big@size=\dimen141
LaTeX Font Info:    Redeclaring font encoding OML on input line 743.
LaTeX Font Info:    Redeclaring font encoding OMS on input line 744.
\macc@depth=\count196
\c@MaxMatrixCols=\count197
\dotsspace@=\muskip16
\c@parentequation=\count198
\dspbrk@lvl=\count199
\tag@help=\toks17
\row@=\count266
\column@=\count267
\maxfields@=\count268
\andhelp@=\toks18
\eqnshift@=\dimen142
\alignsep@=\dimen143
\tagshift@=\dimen144
\tagwidth@=\dimen145
\totwidth@=\dimen146
\lineht@=\dimen147
\@envbody=\toks19
\multlinegap=\skip50
\multlinetaggap=\skip51
\mathdisplay@stack=\toks20
LaTeX Info: Redefining \[ on input line 2923.
LaTeX Info: Redefining \] on input line 2924.
) (C:\Program Files\MiKTeX 2.9\tex/latex/amsfonts\amssymb.sty
Package: amssymb 2013/01/14 v3.01 AMS font symbols
(C:\Program Files\MiKTeX 2.9\tex/latex/amsfonts\amsfonts.sty
Package: amsfonts 2013/01/14 v3.01 Basic AMSFonts support
\symAMSa=\mathgroup4
\symAMSb=\mathgroup5
LaTeX Font Info:    Redeclaring math symbol \hbar on input line 98.
LaTeX Font Info:    Overwriting math alphabet `\mathfrak' in version `bold'
(Font)                  U/euf/m/n --> U/euf/b/n on input line 106.
)) (C:\Program Files\MiKTeX 2.9\tex/latex/lm\lmodern.sty
Package: lmodern 2009/10/30 v1.6 Latin Modern Fonts
LaTeX Font Info:    Overwriting symbol font `operators' in version `normal'
(Font)                  OT1/cmr/m/n --> OT1/lmr/m/n on input line 22.
LaTeX Font Info:    Overwriting symbol font `letters' in version `normal'
(Font)                  OML/cmm/m/it --> OML/lmm/m/it on input line 23.
LaTeX Font Info:    Overwriting symbol font `symbols' in version `normal'
(Font)                  OMS/cmsy/m/n --> OMS/lmsy/m/n on input line 24.
LaTeX Font Info:    Overwriting symbol font `largesymbols' in version `normal'
(Font)                  OMX/cmex/m/n --> OMX/lmex/m/n on input line 25.
LaTeX Font Info:    Overwriting symbol font `operators' in version `bold'
(Font)                  OT1/cmr/bx/n --> OT1/lmr/bx/n on input line 26.
LaTeX Font Info:    Overwriting symbol font `letters' in version `bold'
(Font)                  OML/cmm/b/it --> OML/lmm/b/it on input line 27.
LaTeX Font Info:    Overwriting symbol font `symbols' in version `bold'
(Font)                  OMS/cmsy/b/n --> OMS/lmsy/b/n on input line 28.
LaTeX Font Info:    Overwriting symbol font `largesymbols' in version `bold'
(Font)                  OMX/cmex/m/n --> OMX/lmex/m/n on input line 29.
LaTeX Font Info:    Overwriting math alphabet `\mathbf' in version `normal'
(Font)                  OT1/cmr/bx/n --> OT1/lmr/bx/n on input line 31.
LaTeX Font Info:    Overwriting math alphabet `\mathsf' in version `normal'
(Font)                  OT1/cmss/m/n --> OT1/lmss/m/n on input line 32.
LaTeX Font Info:    Overwriting math alphabet `\mathit' in version `normal'
(Font)                  OT1/cmr/m/it --> OT1/lmr/m/it on input line 33.
LaTeX Font Info:    Overwriting math alphabet `\mathtt' in version `normal'
(Font)                  OT1/cmtt/m/n --> OT1/lmtt/m/n on input line 34.
LaTeX Font Info:    Overwriting math alphabet `\mathbf' in version `bold'
(Font)                  OT1/cmr/bx/n --> OT1/lmr/bx/n on input line 35.
LaTeX Font Info:    Overwriting math alphabet `\mathsf' in version `bold'
(Font)                  OT1/cmss/bx/n --> OT1/lmss/bx/n on input line 36.
LaTeX Font Info:    Overwriting math alphabet `\mathit' in version `bold'
(Font)                  OT1/cmr/bx/it --> OT1/lmr/bx/it on input line 37.
LaTeX Font Info:    Overwriting math alphabet `\mathtt' in version `bold'
(Font)                  OT1/cmtt/m/n --> OT1/lmtt/m/n on input line 38.
) (C:\Program Files\MiKTeX 2.9\tex/generic/iftex\iftex.sty
Package: iftex 2020/03/06 v1.0d TeX engine tests
) (C:\Program Files\MiKTeX 2.9\tex/latex/base\fontenc.sty
Package: fontenc 2021/04/29 v2.0v Standard LaTeX package
LaTeX Font Info:    Trying to load font information for T1+lmr on input line 11
2.
(C:\Program Files\MiKTeX 2.9\tex/latex/lm\t1lmr.fd
File: t1lmr.fd 2009/10/30 v1.6 Font defs for Latin Modern
)) (C:\Program Files\MiKTeX 2.9\tex/latex/base\inputenc.sty
Package: inputenc 2021/02/14 v1.3d Input encoding file
\inpenc@prehook=\toks21
\inpenc@posthook=\toks22
) (C:\Program Files\MiKTeX 2.9\tex/latex/base\textcomp.sty
Package: textcomp 2020/02/02 v2.0n Standard LaTeX package
) (C:\Users\Daniel\AppData\Roaming\MiKTeX\2.9\tex/latex/upquote\upquote.sty
Package: upquote 2012/04/19 v1.3 upright-quote and grave-accent glyphs in verba
tim
) (C:\Users\Daniel\AppData\Roaming\MiKTeX\2.9\tex/latex/microtype\microtype.sty
Package: microtype 2019/11/18 v2.7d Micro-typographical refinements (RS)
(C:\Program Files\MiKTeX 2.9\tex/latex/graphics\keyval.sty
Package: keyval 2014/10/28 v1.15 key=value parser (DPC)
\KV@toks@=\toks23
)
\MT@toks=\toks24
\MT@count=\count269
LaTeX Info: Redefining \textls on input line 790.
\MT@outer@kern=\dimen148
LaTeX Info: Redefining \textmicrotypecontext on input line 1354.
\MT@listname@count=\count270

(C:\Users\Daniel\AppData\Roaming\MiKTeX\2.9\tex/latex/microtype\microtype-pdfte
x.def
File: microtype-pdftex.def 2019/11/18 v2.7d Definitions specific to pdftex (RS)

LaTeX Info: Redefining \lsstyle on input line 914.
LaTeX Info: Redefining \lslig on input line 914.
\MT@outer@space=\skip52
)
Package microtype Info: Loading configuration file microtype.cfg.
(C:\Users\Daniel\AppData\Roaming\MiKTeX\2.9\tex/latex/microtype\microtype.cfg
File: microtype.cfg 2019/11/18 v2.7d microtype main configuration file (RS)
)) (C:\Users\Daniel\AppData\Roaming\MiKTeX\2.9\tex/latex/parskip\parskip.sty
Package: parskip 2020-06-15 v2.0f non-zero parskip adjustments
(C:\Users\Daniel\AppData\Roaming\MiKTeX\2.9\tex/latex/kvoptions\kvoptions.sty
Package: kvoptions 2020-10-07 v3.14 Key value format for package options (HO)
(C:\Users\Daniel\AppData\Roaming\MiKTeX\2.9\tex/generic/ltxcmds\ltxcmds.sty
Package: ltxcmds 2020-05-10 v1.25 LaTeX kernel commands for general use (HO)
)
(C:\Users\Daniel\AppData\Roaming\MiKTeX\2.9\tex/generic/kvsetkeys\kvsetkeys.sty
Package: kvsetkeys 2019/12/15 v1.18 Key value parser (HO)
)) (C:\Program Files\MiKTeX 2.9\tex/latex/etoolbox\etoolbox.sty
Package: etoolbox 2020/10/05 v2.5k e-TeX tools for LaTeX (JAW)
\etb@tempcnta=\count271
)) (C:\Program Files\MiKTeX 2.9\tex/latex/xcolor\xcolor.sty
Package: xcolor 2016/05/11 v2.12 LaTeX color extensions (UK)
(C:\Program Files\MiKTeX 2.9\tex/latex/graphics-cfg\color.cfg
File: color.cfg 2016/01/02 v1.6 sample color configuration
)
Package xcolor Info: Driver file: pdftex.def on input line 225.
(C:\Program Files\MiKTeX 2.9\tex/latex/graphics-def\pdftex.def
File: pdftex.def 2020/10/05 v1.2a Graphics/color driver for pdftex
)
Package xcolor Info: Model `cmy' substituted by `cmy0' on input line 1348.
Package xcolor Info: Model `hsb' substituted by `rgb' on input line 1352.
Package xcolor Info: Model `RGB' extended on input line 1364.
Package xcolor Info: Model `HTML' substituted by `rgb' on input line 1366.
Package xcolor Info: Model `Hsb' substituted by `hsb' on input line 1367.
Package xcolor Info: Model `tHsb' substituted by `hsb' on input line 1368.
Package xcolor Info: Model `HSB' substituted by `hsb' on input line 1369.
Package xcolor Info: Model `Gray' substituted by `gray' on input line 1370.
Package xcolor Info: Model `wave' substituted by `hsb' on input line 1371.
) (C:\Users\Daniel\AppData\Roaming\MiKTeX\2.9\tex/latex/xurl\xurl.sty
Package: xurl 2020/01/24 v 0.09 modify URL breaks
(C:\Program Files\MiKTeX 2.9\tex/latex/url\url.sty
\Urlmuskip=\muskip17
Package: url 2013/09/16  ver 3.4  Verb mode for urls, etc.
)) (C:\Users\Daniel\AppData\Roaming\MiKTeX\2.9\tex/latex/bookmark\bookmark.sty
Package: bookmark 2020-11-06 v1.29 PDF bookmarks (HO)
(C:\Program Files\MiKTeX 2.9\tex/latex/hyperref\hyperref.sty
Package: hyperref 2021-06-07 v7.00m Hypertext links for LaTeX
(C:\Program Files\MiKTeX 2.9\tex/generic/pdftexcmds\pdftexcmds.sty
Package: pdftexcmds 2020-06-27 v0.33 Utility functions of pdfTeX for LuaTeX (HO
)

(C:\Users\Daniel\AppData\Roaming\MiKTeX\2.9\tex/generic/infwarerr\infwarerr.sty
Package: infwarerr 2019/12/03 v1.5 Providing info/warning/error messages (HO)
)
Package pdftexcmds Info: \pdf@primitive is available.
Package pdftexcmds Info: \pdf@ifprimitive is available.
Package pdftexcmds Info: \pdfdraftmode found.
)
(C:\Users\Daniel\AppData\Roaming\MiKTeX\2.9\tex/generic/kvdefinekeys\kvdefineke
ys.sty
Package: kvdefinekeys 2019-12-19 v1.6 Define keys (HO)
)
(C:\Users\Daniel\AppData\Roaming\MiKTeX\2.9\tex/generic/pdfescape\pdfescape.sty
Package: pdfescape 2019/12/09 v1.15 Implements pdfTeX's escape features (HO)
) (C:\Users\Daniel\AppData\Roaming\MiKTeX\2.9\tex/latex/hycolor\hycolor.sty
Package: hycolor 2020-01-27 v1.10 Color options for hyperref/bookmark (HO)
)
(C:\Users\Daniel\AppData\Roaming\MiKTeX\2.9\tex/latex/letltxmacro\letltxmacro.s
ty
Package: letltxmacro 2019/12/03 v1.6 Let assignment for LaTeX macros (HO)
) (C:\Users\Daniel\AppData\Roaming\MiKTeX\2.9\tex/latex/auxhook\auxhook.sty
Package: auxhook 2019-12-17 v1.6 Hooks for auxiliary files (HO)
)
\@linkdim=\dimen149
\Hy@linkcounter=\count272
\Hy@pagecounter=\count273
(C:\Program Files\MiKTeX 2.9\tex/latex/hyperref\pd1enc.def
File: pd1enc.def 2021-06-07 v7.00m Hyperref: PDFDocEncoding definition (HO)
Now handling font encoding PD1 ...
... no UTF-8 mapping file for font encoding PD1
) (C:\Program Files\MiKTeX 2.9\tex/latex/hyperref\hyperref-langpatches.def
File: hyperref-langpatches.def 2021-06-07 v7.00m Hyperref: patches for babel la
nguages
) (C:\Users\Daniel\AppData\Roaming\MiKTeX\2.9\tex/generic/intcalc\intcalc.sty
Package: intcalc 2019/12/15 v1.3 Expandable calculations with integers (HO)
) (C:\Users\Daniel\AppData\Roaming\MiKTeX\2.9\tex/generic/etexcmds\etexcmds.sty
Package: etexcmds 2019/12/15 v1.7 Avoid name clashes with e-TeX commands (HO)
)
\Hy@SavedSpaceFactor=\count274
(C:\Program Files\MiKTeX 2.9\tex/latex/hyperref\puenc.def
File: puenc.def 2021-06-07 v7.00m Hyperref: PDF Unicode definition (HO)
Now handling font encoding PU ...
... no UTF-8 mapping file for font encoding PU
)
Package hyperref Info: Option `unicode' set `true' on input line 4073.
Package hyperref Info: Hyper figures OFF on input line 4192.
Package hyperref Info: Link nesting OFF on input line 4197.
Package hyperref Info: Hyper index ON on input line 4200.
Package hyperref Info: Plain pages OFF on input line 4207.
Package hyperref Info: Backreferencing OFF on input line 4212.
Package hyperref Info: Implicit mode ON; LaTeX internals redefined.
Package hyperref Info: Bookmarks ON on input line 4445.
\c@Hy@tempcnt=\count275
LaTeX Info: Redefining \url on input line 4804.
\XeTeXLinkMargin=\dimen150
(C:\Users\Daniel\AppData\Roaming\MiKTeX\2.9\tex/generic/bitset\bitset.sty
Package: bitset 2019/12/09 v1.3 Handle bit-vector datatype (HO)

(C:\Users\Daniel\AppData\Roaming\MiKTeX\2.9\tex/generic/bigintcalc\bigintcalc.s
ty
Package: bigintcalc 2019/12/15 v1.5 Expandable calculations on big integers (HO
)
))
\Fld@menulength=\count276
\Field@Width=\dimen151
\Fld@charsize=\dimen152
Package hyperref Info: Hyper figures OFF on input line 6076.
Package hyperref Info: Link nesting OFF on input line 6081.
Package hyperref Info: Hyper index ON on input line 6084.
Package hyperref Info: backreferencing OFF on input line 6091.
Package hyperref Info: Link coloring OFF on input line 6096.
Package hyperref Info: Link coloring with OCG OFF on input line 6101.
Package hyperref Info: PDF/A mode OFF on input line 6106.
LaTeX Info: Redefining \ref on input line 6146.
LaTeX Info: Redefining \pageref on input line 6150.
(C:\Program Files\MiKTeX 2.9\tex/latex/base\atbegshi-ltx.sty
Package: atbegshi-ltx 2021/01/10 v1.0c Emulation of the original atbegshi
package with kernel methods
)
\Hy@abspage=\count277
\c@Item=\count278
\c@Hfootnote=\count279
)
Package hyperref Info: Driver (autodetected): hpdftex.
(C:\Program Files\MiKTeX 2.9\tex/latex/hyperref\hpdftex.def
File: hpdftex.def 2021-06-07 v7.00m Hyperref driver for pdfTeX
(C:\Program Files\MiKTeX 2.9\tex/latex/base\atveryend-ltx.sty
Package: atveryend-ltx 2020/08/19 v1.0a Emulation of the original atvery packag
e
with kernel methods
)
\Fld@listcount=\count280
\c@bookmark@seq@number=\count281

(C:\Users\Daniel\AppData\Roaming\MiKTeX\2.9\tex/latex/rerunfilecheck\rerunfilec
heck.sty
Package: rerunfilecheck 2019/12/05 v1.9 Rerun checks for auxiliary files (HO)

(C:\Users\Daniel\AppData\Roaming\MiKTeX\2.9\tex/generic/uniquecounter\uniquecou
nter.sty
Package: uniquecounter 2019/12/15 v1.4 Provide unlimited unique counter (HO)
)
Package uniquecounter Info: New unique counter `rerunfilecheck' on input line 2
86.
)
\Hy@SectionHShift=\skip53
) (C:\Users\Daniel\AppData\Roaming\MiKTeX\2.9\tex/latex/bookmark\bkm-pdftex.def
File: bkm-pdftex.def 2020-11-06 v1.29 bookmark driver for pdfTeX (HO)
\BKM@id=\count282
)) (C:\Users\Daniel\AppData\Roaming\MiKTeX\2.9\tex/latex/tools\longtable.sty
Package: longtable 2021-05-07 v4.16 Multi-page Table package (DPC)
\LTleft=\skip54
\LTright=\skip55
\LTpre=\skip56
\LTpost=\skip57
\LTchunksize=\count283
\LTcapwidth=\dimen153
\LT@head=\box52
\LT@firsthead=\box53
\LT@foot=\box54
\LT@lastfoot=\box55
\LT@gbox=\box56
\LT@cols=\count284
\LT@rows=\count285
\c@LT@tables=\count286
\c@LT@chunks=\count287
\LT@p@ftn=\toks25
) (C:\Users\Daniel\AppData\Roaming\MiKTeX\2.9\tex/latex/booktabs\booktabs.sty
Package: booktabs 2020/01/12 v1.61803398 Publication quality tables
\heavyrulewidth=\dimen154
\lightrulewidth=\dimen155
\cmidrulewidth=\dimen156
\belowrulesep=\dimen157
\belowbottomsep=\dimen158
\aboverulesep=\dimen159
\abovetopsep=\dimen160
\cmidrulesep=\dimen161
\cmidrulekern=\dimen162
\defaultaddspace=\dimen163
\@cmidla=\count288
\@cmidlb=\count289
\@aboverulesep=\dimen164
\@belowrulesep=\dimen165
\@thisruleclass=\count290
\@lastruleclass=\count291
\@thisrulewidth=\dimen166
) (C:\Users\Daniel\AppData\Roaming\MiKTeX\2.9\tex/latex/tools\array.sty
Package: array 2021/04/20 v2.5e Tabular extension package (FMi)
\col@sep=\dimen167
\ar@mcellbox=\box57
\extrarowheight=\dimen168
\NC@list=\toks26
\extratabsurround=\skip58
\backup@length=\skip59
\ar@cellbox=\box58
) (C:\Users\Daniel\AppData\Roaming\MiKTeX\2.9\tex/latex/tools\calc.sty
Package: calc 2017/05/25 v4.3 Infix arithmetic (KKT,FJ)
\calc@Acount=\count292
\calc@Bcount=\count293
\calc@Adimen=\dimen169
\calc@Bdimen=\dimen170
\calc@Askip=\skip60
\calc@Bskip=\skip61
LaTeX Info: Redefining \setlength on input line 80.
LaTeX Info: Redefining \addtolength on input line 81.
\calc@Ccount=\count294
\calc@Cskip=\skip62
)
(C:\Users\Daniel\AppData\Roaming\MiKTeX\2.9\tex/latex/footnotehyper\footnotehyp
er.sty
Package: footnotehyper 2021/02/04 v1.1d hyperref aware footnote.sty (JFB)
\FNH@notes=\box59
\FNH@width=\dimen171
\FNH@toks=\toks27
) (C:\Program Files\MiKTeX 2.9\tex/latex/geometry\geometry.sty
Package: geometry 2020/01/02 v5.9 Page Geometry
(C:\Program Files\MiKTeX 2.9\tex/generic/iftex\ifvtex.sty
Package: ifvtex 2019/10/25 v1.7 ifvtex legacy package. Use iftex instead.
)
\Gm@cnth=\count295
\Gm@cntv=\count296
\c@Gm@tempcnt=\count297
\Gm@bindingoffset=\dimen172
\Gm@wd@mp=\dimen173
\Gm@odd@mp=\dimen174
\Gm@even@mp=\dimen175
\Gm@layoutwidth=\dimen176
\Gm@layoutheight=\dimen177
\Gm@layouthoffset=\dimen178
\Gm@layoutvoffset=\dimen179
\Gm@dimlist=\toks28
(C:\Program Files\MiKTeX 2.9\tex/latex/geometry\geometry.cfg)) (C:\Program File
s\MiKTeX 2.9\tex/latex/graphics\graphicx.sty
Package: graphicx 2020/12/05 v1.2c Enhanced LaTeX Graphics (DPC,SPQR)
(C:\Program Files\MiKTeX 2.9\tex/latex/graphics\graphics.sty
Package: graphics 2021/03/04 v1.4d Standard LaTeX Graphics (DPC,SPQR)
(C:\Program Files\MiKTeX 2.9\tex/latex/graphics\trig.sty
Package: trig 2016/01/03 v1.10 sin cos tan (DPC)
) (C:\Program Files\MiKTeX 2.9\tex/latex/graphics-cfg\graphics.cfg
File: graphics.cfg 2016/06/04 v1.11 sample graphics configuration
)
Package graphics Info: Driver file: pdftex.def on input line 107.
)
\Gin@req@height=\dimen180
\Gin@req@width=\dimen181
)
(C:\Users\Daniel\AppData\Roaming\MiKTeX\2.9\tex/latex/pgf/frontendlayer\tikz.st
y (C:\Users\Daniel\AppData\Roaming\MiKTeX\2.9\tex/latex/pgf/basiclayer\pgf.sty 
(C:\Users\Daniel\AppData\Roaming\MiKTeX\2.9\tex/latex/pgf/utilities\pgfrcs.sty
(C:\Users\Daniel\AppData\Roaming\MiKTeX\2.9\tex/generic/pgf/utilities\pgfutil-c
ommon.tex
\pgfutil@everybye=\toks29
\pgfutil@tempdima=\dimen182
\pgfutil@tempdimb=\dimen183

(C:\Users\Daniel\AppData\Roaming\MiKTeX\2.9\tex/generic/pgf/utilities\pgfutil-c
ommon-lists.tex))
(C:\Users\Daniel\AppData\Roaming\MiKTeX\2.9\tex/generic/pgf/utilities\pgfutil-l
atex.def
\pgfutil@abb=\box60
)
(C:\Users\Daniel\AppData\Roaming\MiKTeX\2.9\tex/generic/pgf/utilities\pgfrcs.co
de.tex (C:\Users\Daniel\AppData\Roaming\MiKTeX\2.9\tex/generic/pgf\pgf.revision
.tex)
Package: pgfrcs 2021/05/15 v3.1.9a (3.1.9a)
))
Package: pgf 2021/05/15 v3.1.9a (3.1.9a)

(C:\Users\Daniel\AppData\Roaming\MiKTeX\2.9\tex/latex/pgf/basiclayer\pgfcore.st
y
(C:\Users\Daniel\AppData\Roaming\MiKTeX\2.9\tex/latex/pgf/systemlayer\pgfsys.st
y
(C:\Users\Daniel\AppData\Roaming\MiKTeX\2.9\tex/generic/pgf/systemlayer\pgfsys.
code.tex
Package: pgfsys 2021/05/15 v3.1.9a (3.1.9a)

(C:\Users\Daniel\AppData\Roaming\MiKTeX\2.9\tex/generic/pgf/utilities\pgfkeys.c
ode.tex
\pgfkeys@pathtoks=\toks30
\pgfkeys@temptoks=\toks31

(C:\Users\Daniel\AppData\Roaming\MiKTeX\2.9\tex/generic/pgf/utilities\pgfkeysfi
ltered.code.tex
\pgfkeys@tmptoks=\toks32
))
\pgf@x=\dimen184
\pgf@y=\dimen185
\pgf@xa=\dimen186
\pgf@ya=\dimen187
\pgf@xb=\dimen188
\pgf@yb=\dimen189
\pgf@xc=\dimen190
\pgf@yc=\dimen191
\pgf@xd=\dimen192
\pgf@yd=\dimen193
\w@pgf@writea=\write3
\r@pgf@reada=\read2
\c@pgf@counta=\count298
\c@pgf@countb=\count299
\c@pgf@countc=\count300
\c@pgf@countd=\count301
\t@pgf@toka=\toks33
\t@pgf@tokb=\toks34
\t@pgf@tokc=\toks35
\pgf@sys@id@count=\count302

(C:\Users\Daniel\AppData\Roaming\MiKTeX\2.9\tex/generic/pgf/systemlayer\pgf.cfg
File: pgf.cfg 2021/05/15 v3.1.9a (3.1.9a)
)
Driver file for pgf: pgfsys-pdftex.def

(C:\Users\Daniel\AppData\Roaming\MiKTeX\2.9\tex/generic/pgf/systemlayer\pgfsys-
pdftex.def
File: pgfsys-pdftex.def 2021/05/15 v3.1.9a (3.1.9a)

(C:\Users\Daniel\AppData\Roaming\MiKTeX\2.9\tex/generic/pgf/systemlayer\pgfsys-
common-pdf.def
File: pgfsys-common-pdf.def 2021/05/15 v3.1.9a (3.1.9a)
)))
(C:\Users\Daniel\AppData\Roaming\MiKTeX\2.9\tex/generic/pgf/systemlayer\pgfsyss
oftpath.code.tex
File: pgfsyssoftpath.code.tex 2021/05/15 v3.1.9a (3.1.9a)
\pgfsyssoftpath@smallbuffer@items=\count303
\pgfsyssoftpath@bigbuffer@items=\count304
)
(C:\Users\Daniel\AppData\Roaming\MiKTeX\2.9\tex/generic/pgf/systemlayer\pgfsysp
rotocol.code.tex
File: pgfsysprotocol.code.tex 2021/05/15 v3.1.9a (3.1.9a)
))
(C:\Users\Daniel\AppData\Roaming\MiKTeX\2.9\tex/generic/pgf/basiclayer\pgfcore.
code.tex
Package: pgfcore 2021/05/15 v3.1.9a (3.1.9a)

(C:\Users\Daniel\AppData\Roaming\MiKTeX\2.9\tex/generic/pgf/math\pgfmath.code.t
ex
(C:\Users\Daniel\AppData\Roaming\MiKTeX\2.9\tex/generic/pgf/math\pgfmathcalc.co
de.tex
(C:\Users\Daniel\AppData\Roaming\MiKTeX\2.9\tex/generic/pgf/math\pgfmathutil.co
de.tex)
(C:\Users\Daniel\AppData\Roaming\MiKTeX\2.9\tex/generic/pgf/math\pgfmathparser.
code.tex
\pgfmath@dimen=\dimen194
\pgfmath@count=\count305
\pgfmath@box=\box61
\pgfmath@toks=\toks36
\pgfmath@stack@operand=\toks37
\pgfmath@stack@operation=\toks38
)
(C:\Users\Daniel\AppData\Roaming\MiKTeX\2.9\tex/generic/pgf/math\pgfmathfunctio
ns.code.tex
(C:\Users\Daniel\AppData\Roaming\MiKTeX\2.9\tex/generic/pgf/math\pgfmathfunctio
ns.basic.code.tex)
(C:\Users\Daniel\AppData\Roaming\MiKTeX\2.9\tex/generic/pgf/math\pgfmathfunctio
ns.trigonometric.code.tex)
(C:\Users\Daniel\AppData\Roaming\MiKTeX\2.9\tex/generic/pgf/math\pgfmathfunctio
ns.random.code.tex)
(C:\Users\Daniel\AppData\Roaming\MiKTeX\2.9\tex/generic/pgf/math\pgfmathfunctio
ns.comparison.code.tex)
(C:\Users\Daniel\AppData\Roaming\MiKTeX\2.9\tex/generic/pgf/math\pgfmathfunctio
ns.base.code.tex)
(C:\Users\Daniel\AppData\Roaming\MiKTeX\2.9\tex/generic/pgf/math\pgfmathfunctio
ns.round.code.tex)
(C:\Users\Daniel\AppData\Roaming\MiKTeX\2.9\tex/generic/pgf/math\pgfmathfunctio
ns.misc.code.tex)
(C:\Users\Daniel\AppData\Roaming\MiKTeX\2.9\tex/generic/pgf/math\pgfmathfunctio
ns.integerarithmetics.code.tex)))
(C:\Users\Daniel\AppData\Roaming\MiKTeX\2.9\tex/generic/pgf/math\pgfmathfloat.c
ode.tex
\c@pgfmathroundto@lastzeros=\count306
))
(C:\Users\Daniel\AppData\Roaming\MiKTeX\2.9\tex/generic/pgf/math\pgfint.code.te
x)
(C:\Users\Daniel\AppData\Roaming\MiKTeX\2.9\tex/generic/pgf/basiclayer\pgfcorep
oints.code.tex
File: pgfcorepoints.code.tex 2021/05/15 v3.1.9a (3.1.9a)
\pgf@picminx=\dimen195
\pgf@picmaxx=\dimen196
\pgf@picminy=\dimen197
\pgf@picmaxy=\dimen198
\pgf@pathminx=\dimen199
\pgf@pathmaxx=\dimen256
\pgf@pathminy=\dimen257
\pgf@pathmaxy=\dimen258
\pgf@xx=\dimen259
\pgf@xy=\dimen260
\pgf@yx=\dimen261
\pgf@yy=\dimen262
\pgf@zx=\dimen263
\pgf@zy=\dimen264
)
(C:\Users\Daniel\AppData\Roaming\MiKTeX\2.9\tex/generic/pgf/basiclayer\pgfcorep
athconstruct.code.tex
File: pgfcorepathconstruct.code.tex 2021/05/15 v3.1.9a (3.1.9a)
\pgf@path@lastx=\dimen265
\pgf@path@lasty=\dimen266
)
(C:\Users\Daniel\AppData\Roaming\MiKTeX\2.9\tex/generic/pgf/basiclayer\pgfcorep
athusage.code.tex
File: pgfcorepathusage.code.tex 2021/05/15 v3.1.9a (3.1.9a)
\pgf@shorten@end@additional=\dimen267
\pgf@shorten@start@additional=\dimen268
)
(C:\Users\Daniel\AppData\Roaming\MiKTeX\2.9\tex/generic/pgf/basiclayer\pgfcores
copes.code.tex
File: pgfcorescopes.code.tex 2021/05/15 v3.1.9a (3.1.9a)
\pgfpic=\box62
\pgf@hbox=\box63
\pgf@layerbox@main=\box64
\pgf@picture@serial@count=\count307
)
(C:\Users\Daniel\AppData\Roaming\MiKTeX\2.9\tex/generic/pgf/basiclayer\pgfcoreg
raphicstate.code.tex
File: pgfcoregraphicstate.code.tex 2021/05/15 v3.1.9a (3.1.9a)
\pgflinewidth=\dimen269
)
(C:\Users\Daniel\AppData\Roaming\MiKTeX\2.9\tex/generic/pgf/basiclayer\pgfcoret
ransformations.code.tex
File: pgfcoretransformations.code.tex 2021/05/15 v3.1.9a (3.1.9a)
\pgf@pt@x=\dimen270
\pgf@pt@y=\dimen271
\pgf@pt@temp=\dimen272
)
(C:\Users\Daniel\AppData\Roaming\MiKTeX\2.9\tex/generic/pgf/basiclayer\pgfcoreq
uick.code.tex
File: pgfcorequick.code.tex 2021/05/15 v3.1.9a (3.1.9a)
)
(C:\Users\Daniel\AppData\Roaming\MiKTeX\2.9\tex/generic/pgf/basiclayer\pgfcoreo
bjects.code.tex
File: pgfcoreobjects.code.tex 2021/05/15 v3.1.9a (3.1.9a)
)
(C:\Users\Daniel\AppData\Roaming\MiKTeX\2.9\tex/generic/pgf/basiclayer\pgfcorep
athprocessing.code.tex
File: pgfcorepathprocessing.code.tex 2021/05/15 v3.1.9a (3.1.9a)
)
(C:\Users\Daniel\AppData\Roaming\MiKTeX\2.9\tex/generic/pgf/basiclayer\pgfcorea
rrows.code.tex
File: pgfcorearrows.code.tex 2021/05/15 v3.1.9a (3.1.9a)
\pgfarrowsep=\dimen273
)
(C:\Users\Daniel\AppData\Roaming\MiKTeX\2.9\tex/generic/pgf/basiclayer\pgfcores
hade.code.tex
File: pgfcoreshade.code.tex 2021/05/15 v3.1.9a (3.1.9a)
\pgf@max=\dimen274
\pgf@sys@shading@range@num=\count308
\pgf@shadingcount=\count309
)
(C:\Users\Daniel\AppData\Roaming\MiKTeX\2.9\tex/generic/pgf/basiclayer\pgfcorei
mage.code.tex
File: pgfcoreimage.code.tex 2021/05/15 v3.1.9a (3.1.9a)

(C:\Users\Daniel\AppData\Roaming\MiKTeX\2.9\tex/generic/pgf/basiclayer\pgfcoree
xternal.code.tex
File: pgfcoreexternal.code.tex 2021/05/15 v3.1.9a (3.1.9a)
\pgfexternal@startupbox=\box65
))
(C:\Users\Daniel\AppData\Roaming\MiKTeX\2.9\tex/generic/pgf/basiclayer\pgfcorel
ayers.code.tex
File: pgfcorelayers.code.tex 2021/05/15 v3.1.9a (3.1.9a)
)
(C:\Users\Daniel\AppData\Roaming\MiKTeX\2.9\tex/generic/pgf/basiclayer\pgfcoret
ransparency.code.tex
File: pgfcoretransparency.code.tex 2021/05/15 v3.1.9a (3.1.9a)
)
(C:\Users\Daniel\AppData\Roaming\MiKTeX\2.9\tex/generic/pgf/basiclayer\pgfcorep
atterns.code.tex
File: pgfcorepatterns.code.tex 2021/05/15 v3.1.9a (3.1.9a)
)
(C:\Users\Daniel\AppData\Roaming\MiKTeX\2.9\tex/generic/pgf/basiclayer\pgfcorer
df.code.tex
File: pgfcorerdf.code.tex 2021/05/15 v3.1.9a (3.1.9a)
)))
(C:\Users\Daniel\AppData\Roaming\MiKTeX\2.9\tex/generic/pgf/modules\pgfmodulesh
apes.code.tex
File: pgfmoduleshapes.code.tex 2021/05/15 v3.1.9a (3.1.9a)
\pgfnodeparttextbox=\box66
)
(C:\Users\Daniel\AppData\Roaming\MiKTeX\2.9\tex/generic/pgf/modules\pgfmodulepl
ot.code.tex
File: pgfmoduleplot.code.tex 2021/05/15 v3.1.9a (3.1.9a)
)
(C:\Users\Daniel\AppData\Roaming\MiKTeX\2.9\tex/latex/pgf/compatibility\pgfcomp
-version-0-65.sty
Package: pgfcomp-version-0-65 2021/05/15 v3.1.9a (3.1.9a)
\pgf@nodesepstart=\dimen275
\pgf@nodesepend=\dimen276
)
(C:\Users\Daniel\AppData\Roaming\MiKTeX\2.9\tex/latex/pgf/compatibility\pgfcomp
-version-1-18.sty
Package: pgfcomp-version-1-18 2021/05/15 v3.1.9a (3.1.9a)
)) (C:\Users\Daniel\AppData\Roaming\MiKTeX\2.9\tex/latex/pgf/utilities\pgffor.s
ty
(C:\Users\Daniel\AppData\Roaming\MiKTeX\2.9\tex/latex/pgf/utilities\pgfkeys.sty

(C:\Users\Daniel\AppData\Roaming\MiKTeX\2.9\tex/generic/pgf/utilities\pgfkeys.c
ode.tex)) (C:\Users\Daniel\AppData\Roaming\MiKTeX\2.9\tex/latex/pgf/math\pgfmat
h.sty
(C:\Users\Daniel\AppData\Roaming\MiKTeX\2.9\tex/generic/pgf/math\pgfmath.code.t
ex))
(C:\Users\Daniel\AppData\Roaming\MiKTeX\2.9\tex/generic/pgf/utilities\pgffor.co
de.tex
Package: pgffor 2021/05/15 v3.1.9a (3.1.9a)

(C:\Users\Daniel\AppData\Roaming\MiKTeX\2.9\tex/generic/pgf/math\pgfmath.code.t
ex)
\pgffor@iter=\dimen277
\pgffor@skip=\dimen278
\pgffor@stack=\toks39
\pgffor@toks=\toks40
))
(C:\Users\Daniel\AppData\Roaming\MiKTeX\2.9\tex/generic/pgf/frontendlayer/tikz\
tikz.code.tex
Package: tikz 2021/05/15 v3.1.9a (3.1.9a)

(C:\Users\Daniel\AppData\Roaming\MiKTeX\2.9\tex/generic/pgf/libraries\pgflibrar
yplothandlers.code.tex
File: pgflibraryplothandlers.code.tex 2021/05/15 v3.1.9a (3.1.9a)
\pgf@plot@mark@count=\count310
\pgfplotmarksize=\dimen279
)
\tikz@lastx=\dimen280
\tikz@lasty=\dimen281
\tikz@lastxsaved=\dimen282
\tikz@lastysaved=\dimen283
\tikz@lastmovetox=\dimen284
\tikz@lastmovetoy=\dimen285
\tikzleveldistance=\dimen286
\tikzsiblingdistance=\dimen287
\tikz@figbox=\box67
\tikz@figbox@bg=\box68
\tikz@tempbox=\box69
\tikz@tempbox@bg=\box70
\tikztreelevel=\count311
\tikznumberofchildren=\count312
\tikznumberofcurrentchild=\count313
\tikz@fig@count=\count314

(C:\Users\Daniel\AppData\Roaming\MiKTeX\2.9\tex/generic/pgf/modules\pgfmodulema
trix.code.tex
File: pgfmodulematrix.code.tex 2021/05/15 v3.1.9a (3.1.9a)
\pgfmatrixcurrentrow=\count315
\pgfmatrixcurrentcolumn=\count316
\pgf@matrix@numberofcolumns=\count317
)
\tikz@expandcount=\count318

(C:\Users\Daniel\AppData\Roaming\MiKTeX\2.9\tex/generic/pgf/frontendlayer/tikz/
libraries\tikzlibrarytopaths.code.tex
File: tikzlibrarytopaths.code.tex 2021/05/15 v3.1.9a (3.1.9a)
)))
(C:\Users\Daniel\AppData\Roaming\MiKTeX\2.9\tex/generic/pgf/frontendlayer/tikz/
libraries\tikzlibraryplotmarks.code.tex
File: tikzlibraryplotmarks.code.tex 2021/05/15 v3.1.9a (3.1.9a)

(C:\Users\Daniel\AppData\Roaming\MiKTeX\2.9\tex/generic/pgf/libraries\pgflibrar
yplotmarks.code.tex
File: pgflibraryplotmarks.code.tex 2021/05/15 v3.1.9a (3.1.9a)
))
(C:\Users\Daniel\AppData\Roaming\MiKTeX\2.9\tex/generic/pgf/frontendlayer/tikz/
libraries\tikzlibraryshapes.code.tex
File: tikzlibraryshapes.code.tex 2021/05/15 v3.1.9a (3.1.9a)

(C:\Users\Daniel\AppData\Roaming\MiKTeX\2.9\tex/generic/pgf/frontendlayer/tikz/
libraries\tikzlibraryshapes.geometric.code.tex
File: tikzlibraryshapes.geometric.code.tex 2021/05/15 v3.1.9a (3.1.9a)

(C:\Users\Daniel\AppData\Roaming\MiKTeX\2.9\tex/generic/pgf/libraries/shapes\pg
flibraryshapes.geometric.code.tex
File: pgflibraryshapes.geometric.code.tex 2021/05/15 v3.1.9a (3.1.9a)
))
(C:\Users\Daniel\AppData\Roaming\MiKTeX\2.9\tex/generic/pgf/frontendlayer/tikz/
libraries\tikzlibraryshapes.misc.code.tex
File: tikzlibraryshapes.misc.code.tex 2021/05/15 v3.1.9a (3.1.9a)

(C:\Users\Daniel\AppData\Roaming\MiKTeX\2.9\tex/generic/pgf/libraries/shapes\pg
flibraryshapes.misc.code.tex
File: pgflibraryshapes.misc.code.tex 2021/05/15 v3.1.9a (3.1.9a)
))
(C:\Users\Daniel\AppData\Roaming\MiKTeX\2.9\tex/generic/pgf/frontendlayer/tikz/
libraries\tikzlibraryshapes.symbols.code.tex
File: tikzlibraryshapes.symbols.code.tex 2021/05/15 v3.1.9a (3.1.9a)

(C:\Users\Daniel\AppData\Roaming\MiKTeX\2.9\tex/generic/pgf/libraries/shapes\pg
flibraryshapes.symbols.code.tex
File: pgflibraryshapes.symbols.code.tex 2021/05/15 v3.1.9a (3.1.9a)
))
(C:\Users\Daniel\AppData\Roaming\MiKTeX\2.9\tex/generic/pgf/frontendlayer/tikz/
libraries\tikzlibraryshapes.arrows.code.tex
File: tikzlibraryshapes.arrows.code.tex 2021/05/15 v3.1.9a (3.1.9a)

(C:\Users\Daniel\AppData\Roaming\MiKTeX\2.9\tex/generic/pgf/libraries/shapes\pg
flibraryshapes.arrows.code.tex
File: pgflibraryshapes.arrows.code.tex 2021/05/15 v3.1.9a (3.1.9a)
))
(C:\Users\Daniel\AppData\Roaming\MiKTeX\2.9\tex/generic/pgf/frontendlayer/tikz/
libraries\tikzlibraryshapes.callouts.code.tex
(C:\Users\Daniel\AppData\Roaming\MiKTeX\2.9\tex/generic/pgf/libraries/shapes\pg
flibraryshapes.callouts.code.tex))
(C:\Users\Daniel\AppData\Roaming\MiKTeX\2.9\tex/generic/pgf/frontendlayer/tikz/
libraries\tikzlibraryshapes.multipart.code.tex
File: tikzlibraryshapes.multipart.code.tex 2021/05/15 v3.1.9a (3.1.9a)

(C:\Users\Daniel\AppData\Roaming\MiKTeX\2.9\tex/generic/pgf/libraries/shapes\pg
flibraryshapes.multipart.code.tex
File: pgflibraryshapes.multipart.code.tex 2021/05/15 v3.1.9a (3.1.9a)
\pgfnodepartlowerbox=\box71
\pgfnodeparttwobox=\box72
\pgfnodepartthreebox=\box73
\pgfnodepartfourbox=\box74
\pgfnodeparttwentybox=\box75
\pgfnodepartnineteenbox=\box76
\pgfnodeparteighteenbox=\box77
\pgfnodepartseventeenbox=\box78
\pgfnodepartsixteenbox=\box79
\pgfnodepartfifteenbox=\box80
\pgfnodepartfourteenbox=\box81
\pgfnodepartthirteenbox=\box82
\pgfnodeparttwelvebox=\box83
\pgfnodepartelevenbox=\box84
\pgfnodeparttenbox=\box85
\pgfnodepartninebox=\box86
\pgfnodeparteightbox=\box87
\pgfnodepartsevenbox=\box88
\pgfnodepartsixbox=\box89
\pgfnodepartfivebox=\box90
)))
(C:\Users\Daniel\AppData\Roaming\MiKTeX\2.9\tex/generic/pgf/libraries\pgflibrar
yarrows.meta.code.tex
File: pgflibraryarrows.meta.code.tex 2021/05/15 v3.1.9a (3.1.9a)
\pgfarrowinset=\dimen288
\pgfarrowlength=\dimen289
\pgfarrowwidth=\dimen290
\pgfarrowlinewidth=\dimen291
) (C:\Program Files\MiKTeX 2.9\tex/generic/babel\babel.sty
Package: babel 2021/06/02 3.60 The Babel package
(C:\Program Files\MiKTeX 2.9\tex/generic/babel\babel.def
File: babel.def 2021/06/02 3.60 Babel common definitions
\babel@savecnt=\count319
\U@D=\dimen292
\l@unhyphenated=\language79
(C:\Program Files\MiKTeX 2.9\tex/generic/babel\txtbabel.def)
\bbl@readstream=\read3
)
\bbl@dirlevel=\count320
*************************************
* Local config file bblopts.cfg used
*
(C:\Program Files\MiKTeX 2.9\tex/latex/arabi\bblopts.cfg
File: bblopts.cfg 2005/09/08 v0.1 add Arabic and Farsi to "declared" options of
 babel
)
(C:\Users\Daniel\AppData\Roaming\MiKTeX\2.9\tex/latex/babel-spanish\spanish.ldf
Language: spanish.ldf 2021/05/27 v5.0q Spanish support from the babel system
\es@quottoks=\toks41
\es@quotdepth=\count321
Package babel Info: Making " an active character on input line 570.
Package babel Info: Making < an active character on input line 722.
Package babel Info: Making > an active character on input line 722.
)) (C:\Users\Daniel\AppData\Roaming\MiKTeX\2.9\tex/latex/enumitem\enumitem.sty
Package: enumitem 2019/06/20 v3.9 Customized lists
\labelindent=\skip63
\enit@outerparindent=\dimen293
\enit@toks=\toks42
\enit@inbox=\box91
\enit@count@id=\count322
\enitdp@description=\count323
) (C:\Users\Daniel\AppData\Roaming\MiKTeX\2.9\tex/latex/multirow\multirow.sty
Package: multirow 2021/03/15 v2.8 Span multiple rows of a table
\multirow@colwidth=\skip64
\multirow@cntb=\count324
\multirow@dima=\skip65
\bigstrutjot=\dimen294
) (C:\Users\Daniel\AppData\Roaming\MiKTeX\2.9\tex/latex/preprint\balance.sty
Package: balance 1999/02/23 4.3 (PWD)
\oldvsize=\dimen295
) (C:\Users\Daniel\AppData\Roaming\MiKTeX\2.9\tex/latex/float\float.sty
Package: float 2001/11/08 v1.3d Float enhancements (AL)
\c@float@type=\count325
\float@exts=\toks43
\float@box=\box92
\@float@everytoks=\toks44
\@floatcapt=\box93
) (C:\Users\Daniel\AppData\Roaming\MiKTeX\2.9\tex/latex/ltablex\ltablex.sty
Package: ltablex 2014/08/13 v1.1 Modified tabularx
(C:\Users\Daniel\AppData\Roaming\MiKTeX\2.9\tex/latex/tools\tabularx.sty
Package: tabularx 2020/01/15 v2.11c `tabularx' package (DPC)
\TX@col@width=\dimen296
\TX@old@table=\dimen297
\TX@old@col=\dimen298
\TX@target=\dimen299
\TX@delta=\dimen300
\TX@cols=\count326
\TX@ftn=\toks45
)) (C:\Users\Daniel\AppData\Roaming\MiKTeX\2.9\tex/latex/tools\afterpage.sty
Package: afterpage 2014/10/28 v1.08 After-Page Package (DPC)
\AP@output=\toks46
\AP@partial=\box94
\AP@footins=\box95
) (C:\Users\Daniel\AppData\Roaming\MiKTeX\2.9\tex/latex/psnfss\avant.sty
Package: avant 2020/03/25 PSNFSS-v9.3 (SPQR) 
) (C:\Users\Daniel\AppData\Roaming\MiKTeX\2.9\tex/latex/psnfss\mathptmx.sty
Package: mathptmx 2020/03/25 PSNFSS-v9.3 Times w/ Math, improved (SPQR, WaS) 
LaTeX Font Info:    Redeclaring symbol font `operators' on input line 28.
LaTeX Font Info:    Overwriting symbol font `operators' in version `normal'
(Font)                  OT1/lmr/m/n --> OT1/ztmcm/m/n on input line 28.
LaTeX Font Info:    Overwriting symbol font `operators' in version `bold'
(Font)                  OT1/lmr/bx/n --> OT1/ztmcm/m/n on input line 28.
LaTeX Font Info:    Redeclaring symbol font `letters' on input line 29.
LaTeX Font Info:    Overwriting symbol font `letters' in version `normal'
(Font)                  OML/lmm/m/it --> OML/ztmcm/m/it on input line 29.
LaTeX Font Info:    Overwriting symbol font `letters' in version `bold'
(Font)                  OML/lmm/b/it --> OML/ztmcm/m/it on input line 29.
LaTeX Font Info:    Redeclaring symbol font `symbols' on input line 30.
LaTeX Font Info:    Overwriting symbol font `symbols' in version `normal'
(Font)                  OMS/lmsy/m/n --> OMS/ztmcm/m/n on input line 30.
LaTeX Font Info:    Overwriting symbol font `symbols' in version `bold'
(Font)                  OMS/lmsy/b/n --> OMS/ztmcm/m/n on input line 30.
LaTeX Font Info:    Redeclaring symbol font `largesymbols' on input line 31.
LaTeX Font Info:    Overwriting symbol font `largesymbols' in version `normal'
(Font)                  OMX/lmex/m/n --> OMX/ztmcm/m/n on input line 31.
LaTeX Font Info:    Overwriting symbol font `largesymbols' in version `bold'
(Font)                  OMX/lmex/m/n --> OMX/ztmcm/m/n on input line 31.
\symbold=\mathgroup6
\symitalic=\mathgroup7
LaTeX Font Info:    Redeclaring math alphabet \mathbf on input line 34.
LaTeX Font Info:    Overwriting math alphabet `\mathbf' in version `normal'
(Font)                  OT1/lmr/bx/n --> OT1/ptm/bx/n on input line 34.
LaTeX Font Info:    Overwriting math alphabet `\mathbf' in version `bold'
(Font)                  OT1/lmr/bx/n --> OT1/ptm/bx/n on input line 34.
LaTeX Font Info:    Redeclaring math alphabet \mathit on input line 35.
LaTeX Font Info:    Overwriting math alphabet `\mathit' in version `normal'
(Font)                  OT1/lmr/m/it --> OT1/ptm/m/it on input line 35.
LaTeX Font Info:    Overwriting math alphabet `\mathit' in version `bold'
(Font)                  OT1/lmr/bx/it --> OT1/ptm/m/it on input line 35.
LaTeX Info: Redefining \hbar on input line 50.
) (C:\Users\Daniel\AppData\Roaming\MiKTeX\2.9\tex/latex/caption\caption.sty
Package: caption 2020/10/26 v3.5g Customizing captions (AR)
(C:\Users\Daniel\AppData\Roaming\MiKTeX\2.9\tex/latex/caption\caption3.sty
Package: caption3 2020/10/21 v2.2e caption3 kernel (AR)
\captionmargin=\dimen301
\captionmargin@=\dimen302
\captionwidth=\dimen303
\caption@tempdima=\dimen304
\caption@indent=\dimen305
\caption@parindent=\dimen306
\caption@hangindent=\dimen307
Package caption Info: Standard document class detected.
)
\c@caption@flags=\count327
\c@continuedfloat=\count328
Package caption Info: float package is loaded.
Package caption Info: hyperref package is loaded.
Package caption Info: longtable package is loaded.
(C:\Users\Daniel\AppData\Roaming\MiKTeX\2.9\tex/latex/caption\ltcaption.sty
Package: ltcaption 2020/05/30 v1.4b longtable captions (AR)
)) (C:\Users\Daniel\AppData\Roaming\MiKTeX\2.9\tex/latex/caption\subcaption.sty
Package: subcaption 2020/10/07 v1.3j Sub-captions (AR)
\c@subfigure=\count329
\c@subtable=\count330
) (C:\Users\Daniel\AppData\Roaming\MiKTeX\2.9\tex/latex/natbib\natbib.sty
Package: natbib 2010/09/13 8.31b (PWD, AO)
\bibhang=\skip66
\bibsep=\skip67
LaTeX Info: Redefining \cite on input line 694.
\c@NAT@ctr=\count331
) (C:\Program Files\MiKTeX 2.9\tex/latex/base\makeidx.sty
Package: makeidx 2014/09/29 v1.0m Standard LaTeX package
)
\@indexfile=\write4
\openout4 = `InformeOL.idx'.

Writing index file InformeOL.idx
(C:\Users\Daniel\AppData\Roaming\MiKTeX\2.9\tex/latex/fancyhdr\fancyhdr.sty
Package: fancyhdr 2021/01/28 v4.0.1 Extensive control of page headers and foote
rs
\f@nch@headwidth=\skip68
\f@nch@O@elh=\skip69
\f@nch@O@erh=\skip70
\f@nch@O@olh=\skip71
\f@nch@O@orh=\skip72
\f@nch@O@elf=\skip73
\f@nch@O@erf=\skip74
\f@nch@O@olf=\skip75
\f@nch@O@orf=\skip76
) (C:\Users\Daniel\AppData\Roaming\MiKTeX\2.9\tex/latex/lastpage\lastpage.sty
Package: lastpage 2015/03/29 v1.2m Refers to last page's name (HMM; JPG)
)

Package fancyhdr Warning: \fancyhead's `E' option without twoside option is use
less on input line 191.


Package fancyhdr Warning: \fancyhead's `E' option without twoside option is use
less on input line 192.


Package fancyhdr Warning: \fancyfoot's `E' option without twoside option is use
less on input line 204.


Package fancyhdr Warning: \fancyfoot's `E' option without twoside option is use
less on input line 205.


(C:\Users\Daniel\AppData\Roaming\MiKTeX\2.9\tex/latex/morefloats\morefloats.sty
Package: morefloats 2015/07/22 v1.0h Raise limit of unprocessed floats (HMM)
Package morefloats Info: Maximum number of possible floats asked for: 256
(morefloats)             (i.e. 238 more floats).
(morefloats)             LaTeX might run out of memory before this
(morefloats)             (in which case it will notify you).
) (C:\Program Files\MiKTeX 2.9\tex/latex/sectsty\sectsty.sty
Package: sectsty 2002/02/25 v2.0.2 Commands to change all sectional heading sty
les

LaTeX Warning: Command \underbar  has changed.
               Check if current package is valid.


LaTeX Warning: Command \underline  has changed.
               Check if current package is valid.

) (C:\Users\Daniel\AppData\Roaming\MiKTeX\2.9\tex/latex/psnfss\helvet.sty
Package: helvet 2020/03/25 PSNFSS-v9.3 (WaS) 
) (C:\Program Files\MiKTeX 2.9\tex/latex/base\fontenc.sty
Package: fontenc 2021/04/29 v2.0v Standard LaTeX package
LaTeX Font Info:    Trying to load font information for T1+phv on input line 11
2.
(C:\Users\Daniel\AppData\Roaming\MiKTeX\2.9\tex/latex/psnfss\t1phv.fd
File: t1phv.fd 2020/03/25 scalable font definitions for T1/phv.
)
LaTeX Font Info:    Font shape `T1/phv/m/n' will be
(Font)              scaled to size 9.49997pt on input line 112.
) (C:\Program Files\MiKTeX 2.9\tex/latex/l3backend\l3backend-pdftex.def
File: l3backend-pdftex.def 2021-05-07 L3 backend support: PDF output (pdfTeX)
\l__color_backend_stack_int=\count332
\l__pdf_internal_box=\box96
) (InformeOL.aux
LaTeX Info: Redefining \. on input line 27.
LaTeX Info: Redefining \% on input line 27.
(titulos.aux))
\openout1 = `InformeOL.aux'.

LaTeX Font Info:    Checking defaults for OML/cmm/m/it on input line 262.
LaTeX Font Info:    ... okay on input line 262.
LaTeX Font Info:    Checking defaults for OMS/cmsy/m/n on input line 262.
LaTeX Font Info:    ... okay on input line 262.
LaTeX Font Info:    Checking defaults for OT1/cmr/m/n on input line 262.
LaTeX Font Info:    ... okay on input line 262.
LaTeX Font Info:    Checking defaults for T1/cmr/m/n on input line 262.
LaTeX Font Info:    ... okay on input line 262.
LaTeX Font Info:    Checking defaults for TS1/cmr/m/n on input line 262.
LaTeX Font Info:    ... okay on input line 262.
LaTeX Font Info:    Checking defaults for OMX/cmex/m/n on input line 262.
LaTeX Font Info:    ... okay on input line 262.
LaTeX Font Info:    Checking defaults for U/cmr/m/n on input line 262.
LaTeX Font Info:    ... okay on input line 262.
LaTeX Font Info:    Checking defaults for PD1/pdf/m/n on input line 262.
LaTeX Font Info:    ... okay on input line 262.
LaTeX Font Info:    Checking defaults for PU/pdf/m/n on input line 262.
LaTeX Font Info:    ... okay on input line 262.
LaTeX Info: Redefining \microtypecontext on input line 262.
Package microtype Info: Generating PDF output.
Package microtype Info: Character protrusion enabled (level 2).
Package microtype Info: Using protrusion set `basicmath'.
Package microtype Info: Automatic font expansion enabled (level 2),
(microtype)             stretch: 20, shrink: 20, step: 1, non-selected.
Package microtype Info: Using default expansion set `basictext'.
LaTeX Info: Redefining \showhyphens on input line 262.
Package microtype Info: No adjustment of tracking.
Package microtype Info: No adjustment of interword spacing.
Package microtype Info: No adjustment of character kerning.
Package microtype Info: Loading generic protrusion settings for font family
(microtype)             `phv' (encoding: T1).
(microtype)             For optimal results, create family-specific settings.
(microtype)             See the microtype manual for details.
(C:\Program Files\MiKTeX 2.9\tex/context/base/mkii\supp-pdf.mkii
[Loading MPS to PDF converter (version 2006.09.02).]
\scratchcounter=\count333
\scratchdimen=\dimen308
\scratchbox=\box97
\nofMPsegments=\count334
\nofMParguments=\count335
\everyMPshowfont=\toks47
\MPscratchCnt=\count336
\MPscratchDim=\dimen309
\MPnumerator=\count337
\makeMPintoPDFobject=\count338
\everyMPtoPDFconversion=\toks48
) (C:\Program Files\MiKTeX 2.9\tex/latex/epstopdf-pkg\epstopdf-base.sty
Package: epstopdf-base 2020-01-24 v2.11 Base part for package epstopdf
(C:\Users\Daniel\AppData\Roaming\MiKTeX\2.9\tex/latex/grfext\grfext.sty
Package: grfext 2019/12/03 v1.3 Manage graphics extensions (HO)
)
Package epstopdf-base Info: Redefining graphics rule for `.eps' on input line 4
85.
Package grfext Info: Graphics extension search list:
(grfext)             [.pdf,.png,.jpg,.mps,.jpeg,.jbig2,.jb2,.PDF,.PNG,.JPG,.JPE
G,.JBIG2,.JB2,.eps]
(grfext)             \AppendGraphicsExtensions on input line 504.
(C:\Program Files\MiKTeX 2.9\tex/latex/00miktex\epstopdf-sys.cfg
File: epstopdf-sys.cfg 2021/03/18 v2.0 Configuration of epstopdf for MiKTeX
))
Package hyperref Info: Link coloring OFF on input line 262.
(C:\Program Files\MiKTeX 2.9\tex/latex/hyperref\nameref.sty
Package: nameref 2021-04-02 v2.47 Cross-referencing by name of section
(C:\Users\Daniel\AppData\Roaming\MiKTeX\2.9\tex/latex/refcount\refcount.sty
Package: refcount 2019/12/15 v3.6 Data extraction from label references (HO)
)
(C:\Users\Daniel\AppData\Roaming\MiKTeX\2.9\tex/generic/gettitlestring\gettitle
string.sty
Package: gettitlestring 2019/12/15 v1.6 Cleanup title references (HO)
)
\c@section@level=\count339
)
LaTeX Info: Redefining \ref on input line 262.
LaTeX Info: Redefining \pageref on input line 262.
LaTeX Info: Redefining \nameref on input line 262.
*geometry* driver: auto-detecting
*geometry* detected driver: pdftex
*geometry* verbose mode - [ preamble ] result:
* driver: pdftex
* paper: <default>
* layout: <same size as paper>
* layoutoffset:(h,v)=(0.0pt,0.0pt)
* modes: includehead includefoot heightrounded 
* h-part:(L,W,R)=(102.43008pt, 439.59511pt, 72.2698pt)
* v-part:(T,H,B)=(72.2698pt, 650.43037pt, 72.2698pt)
* \paperwidth=614.295pt
* \paperheight=794.96999pt
* \textwidth=439.59511pt
* \textheight=586.0pt
* \oddsidemargin=30.1601pt
* \evensidemargin=30.1601pt
* \topmargin=-0.00018pt
* \headheight=32.0pt
* \headsep=18.06749pt
* \topskip=10.0pt
* \footskip=40.0pt
* \marginparwidth=69.0pt
* \marginparsep=7.0pt
* \columnsep=10.0pt
* \skip\footins=9.0pt plus 4.0pt minus 2.0pt
* \hoffset=0.0pt
* \voffset=0.0pt
* \mag=1000
* \@twocolumnfalse
* \@twosidefalse
* \@mparswitchfalse
* \@reversemarginfalse
* (1in=72.27pt=25.4mm, 1cm=28.453pt)

LaTeX Info: Redefining \. on input line 262.
LaTeX Info: Redefining \% on input line 262.
Package caption Info: Begin \AtBeginDocument code.
Package caption Info: End \AtBeginDocument code.
Package lastpage Info: Please have a look at the pageslts package at
(lastpage)             https://www.ctan.org/pkg/pageslts
(lastpage)             ! on input line 262.
<www/Portada_2.pdf, id=6, 614.295pt x 794.97pt>
File: www/Portada_2.pdf Graphic file (type pdf)
<use www/Portada_2.pdf>
Package pdftex.def Info: www/Portada_2.pdf  used on input line 280.
(pdftex.def)             Requested size: 614.295pt x 795.01657pt.
LaTeX Font Info:    Font shape `T1/phv/m/n' will be
(Font)              scaled to size 23.63593pt on input line 281.
LaTeX Font Info:    Font shape `T1/phv/b/n' will be
(Font)              scaled to size 23.63593pt on input line 281.
LaTeX Font Info:    Trying to load font information for OT1+ztmcm on input line
 282.
(C:\Users\Daniel\AppData\Roaming\MiKTeX\2.9\tex/latex/psnfss\ot1ztmcm.fd
File: ot1ztmcm.fd 2000/01/03 Fontinst v1.801 font definitions for OT1/ztmcm.
)
LaTeX Font Info:    Trying to load font information for OML+ztmcm on input line
 282.
(C:\Users\Daniel\AppData\Roaming\MiKTeX\2.9\tex/latex/psnfss\omlztmcm.fd
File: omlztmcm.fd 2000/01/03 Fontinst v1.801 font definitions for OML/ztmcm.
)
LaTeX Font Info:    Trying to load font information for OMS+ztmcm on input line
 282.
(C:\Users\Daniel\AppData\Roaming\MiKTeX\2.9\tex/latex/psnfss\omsztmcm.fd
File: omsztmcm.fd 2000/01/03 Fontinst v1.801 font definitions for OMS/ztmcm.
)
LaTeX Font Info:    Trying to load font information for OMX+ztmcm on input line
 282.
(C:\Users\Daniel\AppData\Roaming\MiKTeX\2.9\tex/latex/psnfss\omxztmcm.fd
File: omxztmcm.fd 2000/01/03 Fontinst v1.801 font definitions for OMX/ztmcm.
) (C:\Users\Daniel\AppData\Roaming\MiKTeX\2.9\tex/latex/microtype\mt-msa.cfg
File: mt-msa.cfg 2006/02/04 v1.1 microtype config. file: AMS symbols (a) (RS)
) (C:\Users\Daniel\AppData\Roaming\MiKTeX\2.9\tex/latex/microtype\mt-msb.cfg
File: mt-msb.cfg 2005/06/01 v1.0 microtype config. file: AMS symbols (b) (RS)
)
LaTeX Font Info:    Trying to load font information for OT1+ptm on input line 2
82.
(C:\Users\Daniel\AppData\Roaming\MiKTeX\2.9\tex/latex/psnfss\ot1ptm.fd
File: ot1ptm.fd 2001/06/04 font definitions for OT1/ptm.
)
LaTeX Font Info:    Font shape `OT1/ptm/bx/n' in size <24.88> not available
(Font)              Font shape `OT1/ptm/b/n' tried instead on input line 282.
(C:\Users\Daniel\AppData\Roaming\MiKTeX\2.9\tex/latex/microtype\mt-ptm.cfg
File: mt-ptm.cfg 2006/04/20 v1.7 microtype config. file: Times (RS)
)
LaTeX Font Info:    Font shape `OT1/ptm/bx/n' in size <17.28> not available
(Font)              Font shape `OT1/ptm/b/n' tried instead on input line 282.
LaTeX Font Info:    Font shape `OT1/ptm/bx/n' in size <14.4> not available
(Font)              Font shape `OT1/ptm/b/n' tried instead on input line 282.
LaTeX Font Info:    Font shape `T1/phv/m/n' will be
(Font)              scaled to size 16.41594pt on input line 283.
LaTeX Font Info:    Font shape `T1/phv/b/n' will be
(Font)              scaled to size 16.41594pt on input line 283.
LaTeX Font Info:    Font shape `OT1/ptm/bx/n' in size <12> not available
(Font)              Font shape `OT1/ptm/b/n' tried instead on input line 283.
LaTeX Font Info:    Font shape `OT1/ptm/bx/n' in size <10> not available
(Font)              Font shape `OT1/ptm/b/n' tried instead on input line 283.
<www/Logo-MinSalud-FNE-Fondo-oscuro-2.png, id=7, 290.5254pt x 27.9444pt>
File: www/Logo-MinSalud-FNE-Fondo-oscuro-2.png Graphic file (type png)
<use www/Logo-MinSalud-FNE-Fondo-oscuro-2.png>
Package pdftex.def Info: www/Logo-MinSalud-FNE-Fondo-oscuro-2.png  used on inpu
t line 286.
(pdftex.def)             Requested size: 368.58073pt x 35.45483pt.
[1


{C:/Users/Daniel/AppData/Local/MiKTeX/2.9/pdftex/config/pdftex.map} <./www/Port
ada_2.pdf> <./www/Logo-MinSalud-FNE-Fondo-oscuro-2.png>] [2]
\openout2 = `titulos.aux'.

(titulos.tex
<www/logos_MinSalud_FNE.png, id=44, 279.9258pt x 27.4626pt>
File: www/logos_MinSalud_FNE.png Graphic file (type png)
<use www/logos_MinSalud_FNE.png>
Package pdftex.def Info: www/logos_MinSalud_FNE.png  used on input line 13.
(pdftex.def)             Requested size: 439.59511pt x 43.12975pt.
LaTeX Font Info:    Font shape `T1/phv/m/n' will be
(Font)              scaled to size 19.70294pt on input line 17.
LaTeX Font Info:    Font shape `T1/phv/b/n' will be
(Font)              scaled to size 19.70294pt on input line 17.
LaTeX Font Info:    Font shape `T1/phv/m/n' will be
(Font)              scaled to size 13.67995pt on input line 19.
LaTeX Font Info:    Font shape `T1/phv/b/n' will be
(Font)              scaled to size 13.67995pt on input line 19.
) [3

 <./www/logos_MinSalud_FNE.png>]
LaTeX Font Info:    Trying to load font information for TS1+phv on input line 3
02.
(C:\Users\Daniel\AppData\Roaming\MiKTeX\2.9\tex/latex/psnfss\ts1phv.fd
File: ts1phv.fd 2020/03/25 scalable font definitions for TS1/phv.
)
LaTeX Font Info:    Font shape `TS1/phv/m/n' will be
(Font)              scaled to size 9.49997pt on input line 302.
LaTeX Font Info:    Font shape `T1/phv/m/sc' will be
(Font)              scaled to size 9.49997pt on input line 303.
LaTeX Font Info:    Font shape `T1/phv/m/it' in size <10> not available
(Font)              Font shape `T1/phv/m/sl' tried instead on input line 305.
LaTeX Font Info:    Font shape `T1/phv/m/sl' will be
(Font)              scaled to size 9.49997pt on input line 305.
[4


] (InformeOL.toc
LaTeX Info: Redefining \. on input line 1.
LaTeX Info: Redefining \% on input line 1.
LaTeX Font Info:    Font shape `T1/phv/b/n' will be
(Font)              scaled to size 9.49997pt on input line 2.
LaTeX Font Info:    Font shape `T1/phv/b/sc' will be
(Font)              scaled to size 9.49997pt on input line 2.
LaTeX Font Info:    Font shape `OT1/ptm/bx/n' in size <7.4> not available
(Font)              Font shape `OT1/ptm/b/n' tried instead on input line 16.
LaTeX Font Info:    Font shape `OT1/ptm/bx/n' in size <6> not available
(Font)              Font shape `OT1/ptm/b/n' tried instead on input line 16.
)
\tf@toc=\write5
\openout5 = `InformeOL.toc'.


Package fancyhdr Warning: \fancyhead's `E' option without twoside option is use
less on input line 324.


Package fancyhdr Warning: \fancyfoot's `E' option without twoside option is use
less on input line 324.


Package fancyhdr Warning: \fancyfoot's `E' option without twoside option is use
less on input line 324.

File: www/logos_MinSalud_FNE.png Graphic file (type png)
<use www/logos_MinSalud_FNE.png>
Package pdftex.def Info: www/logos_MinSalud_FNE.png  used on input line 324.
(pdftex.def)             Requested size: 307.14749pt x 30.13516pt.
[5


] (InformeOL.lof
LaTeX Info: Redefining \. on input line 1.
LaTeX Info: Redefining \% on input line 1.

Package fancyhdr Warning: \fancyhead's `E' option without twoside option is use
less on input line 37.


Package fancyhdr Warning: \fancyfoot's `E' option without twoside option is use
less on input line 37.


Package fancyhdr Warning: \fancyfoot's `E' option without twoside option is use
less on input line 37.

File: www/logos_MinSalud_FNE.png Graphic file (type png)
<use www/logos_MinSalud_FNE.png>
Package pdftex.def Info: www/logos_MinSalud_FNE.png  used on input line 37.
(pdftex.def)             Requested size: 307.14749pt x 30.13516pt.
[6


])
\tf@lof=\write6
\openout6 = `InformeOL.lof'.

File: www/logos_MinSalud_FNE.png Graphic file (type png)
<use www/logos_MinSalud_FNE.png>
Package pdftex.def Info: www/logos_MinSalud_FNE.png  used on input line 330.
(pdftex.def)             Requested size: 307.14749pt x 30.13516pt.

Package fancyhdr Warning: \headheight is too small (32.0pt): 
(fancyhdr)                Make it at least 33.7352pt, for example:
(fancyhdr)                \setlength{\headheight}{33.7352pt}.
(fancyhdr)                You might also make \topmargin smaller to compensate:

(fancyhdr)                \addtolength{\topmargin}{-1.7352pt}.

[7] (InformeOL.lot
LaTeX Info: Redefining \. on input line 1.
LaTeX Info: Redefining \% on input line 1.
)
\tf@lot=\write7
\openout7 = `InformeOL.lot'.


Package fancyhdr Warning: \fancyhead's `E' option without twoside option is use
less on input line 336.


Package fancyhdr Warning: \fancyfoot's `E' option without twoside option is use
less on input line 336.


Package fancyhdr Warning: \fancyfoot's `E' option without twoside option is use
less on input line 336.

File: www/logos_MinSalud_FNE.png Graphic file (type png)
<use www/logos_MinSalud_FNE.png>
Package pdftex.def Info: www/logos_MinSalud_FNE.png  used on input line 336.
(pdftex.def)             Requested size: 307.14749pt x 30.13516pt.
[8


]

Package fancyhdr Warning: \fancyhead's `E' option without twoside option is use
less on input line 365.


Package fancyhdr Warning: \fancyfoot's `E' option without twoside option is use
less on input line 365.


Package fancyhdr Warning: \fancyfoot's `E' option without twoside option is use
less on input line 365.

File: www/logos_MinSalud_FNE.png Graphic file (type png)
<use www/logos_MinSalud_FNE.png>
Package pdftex.def Info: www/logos_MinSalud_FNE.png  used on input line 365.
(pdftex.def)             Requested size: 307.14749pt x 30.13516pt.
[1


]
File: www/logos_MinSalud_FNE.png Graphic file (type png)
<use www/logos_MinSalud_FNE.png>
Package pdftex.def Info: www/logos_MinSalud_FNE.png  used on input line 365.
(pdftex.def)             Requested size: 307.14749pt x 30.13516pt.

Package fancyhdr Warning: \headheight is too small (32.0pt): 
(fancyhdr)                Make it at least 33.7352pt, for example:
(fancyhdr)                \setlength{\headheight}{33.7352pt}.
(fancyhdr)                You might also make \topmargin smaller to compensate:

(fancyhdr)                \addtolength{\topmargin}{-1.7352pt}.

[2]
Cap\'{\i }tulo 1.

Package fancyhdr Warning: \fancyhead's `E' option without twoside option is use
less on input line 370.


Package fancyhdr Warning: \fancyfoot's `E' option without twoside option is use
less on input line 370.


Package fancyhdr Warning: \fancyfoot's `E' option without twoside option is use
less on input line 370.

File: www/logos_MinSalud_FNE.png Graphic file (type png)
<use www/logos_MinSalud_FNE.png>
Package pdftex.def Info: www/logos_MinSalud_FNE.png  used on input line 370.
(pdftex.def)             Requested size: 307.14749pt x 30.13516pt.
[3

]
Cap\'{\i }tulo 2.
<InformeOL_files/figure-latex/distribucionPersonal-1.pdf, id=226, 578.16pt x 43
3.62pt>
File: InformeOL_files/figure-latex/distribucionPersonal-1.pdf Graphic file (typ
e pdf)
<use InformeOL_files/figure-latex/distribucionPersonal-1.pdf>
Package pdftex.def Info: InformeOL_files/figure-latex/distribucionPersonal-1.pd
f  used on input line 376.
(pdftex.def)             Requested size: 439.59511pt x 329.69357pt.
<InformeOL_files/figure-latex/servicios-1.pdf, id=227, 578.16pt x 289.08pt>
File: InformeOL_files/figure-latex/servicios-1.pdf Graphic file (type pdf)
<use InformeOL_files/figure-latex/servicios-1.pdf>
Package pdftex.def Info: InformeOL_files/figure-latex/servicios-1.pdf  used on 
input line 385.
(pdftex.def)             Requested size: 439.59511pt x 219.7957pt.
LaTeX Font Info:    Font shape `TS1/phv/b/n' will be
(Font)              scaled to size 9.49997pt on input line 389.
<InformeOL_files/figure-latex/clausulaMCE-1.pdf, id=228, 578.16pt x 289.08pt>
File: InformeOL_files/figure-latex/clausulaMCE-1.pdf Graphic file (type pdf)
<use InformeOL_files/figure-latex/clausulaMCE-1.pdf>
Package pdftex.def Info: InformeOL_files/figure-latex/clausulaMCE-1.pdf  used o
n input line 394.
(pdftex.def)             Requested size: 439.59511pt x 219.7957pt.
<InformeOL_files/figure-latex/corresponsabilidad-1.pdf, id=229, 578.16pt x 289.
08pt>
File: InformeOL_files/figure-latex/corresponsabilidad-1.pdf Graphic file (type 
pdf)
<use InformeOL_files/figure-latex/corresponsabilidad-1.pdf>
Package pdftex.def Info: InformeOL_files/figure-latex/corresponsabilidad-1.pdf 
 used on input line 403.
(pdftex.def)             Requested size: 439.59511pt x 219.7957pt.

Package fancyhdr Warning: \fancyhead's `E' option without twoside option is use
less on input line 411.


Package fancyhdr Warning: \fancyfoot's `E' option without twoside option is use
less on input line 411.


Package fancyhdr Warning: \fancyfoot's `E' option without twoside option is use
less on input line 411.

File: www/logos_MinSalud_FNE.png Graphic file (type png)
<use www/logos_MinSalud_FNE.png>
Package pdftex.def Info: www/logos_MinSalud_FNE.png  used on input line 411.
(pdftex.def)             Requested size: 307.14749pt x 30.13516pt.
[4

]
File: www/logos_MinSalud_FNE.png Graphic file (type png)
<use www/logos_MinSalud_FNE.png>
Package pdftex.def Info: www/logos_MinSalud_FNE.png  used on input line 411.
(pdftex.def)             Requested size: 307.14749pt x 30.13516pt.

Package fancyhdr Warning: \headheight is too small (32.0pt): 
(fancyhdr)                Make it at least 33.7352pt, for example:
(fancyhdr)                \setlength{\headheight}{33.7352pt}.
(fancyhdr)                You might also make \topmargin smaller to compensate:

(fancyhdr)                \addtolength{\topmargin}{-1.7352pt}.

[5 <./InformeOL_files/figure-latex/distribucionPersonal-1.pdf>]
File: www/logos_MinSalud_FNE.png Graphic file (type png)
<use www/logos_MinSalud_FNE.png>
Package pdftex.def Info: www/logos_MinSalud_FNE.png  used on input line 411.
(pdftex.def)             Requested size: 307.14749pt x 30.13516pt.

Package fancyhdr Warning: \headheight is too small (32.0pt): 
(fancyhdr)                Make it at least 33.7352pt, for example:
(fancyhdr)                \setlength{\headheight}{33.7352pt}.
(fancyhdr)                You might also make \topmargin smaller to compensate:

(fancyhdr)                \addtolength{\topmargin}{-1.7352pt}.

[6 <./InformeOL_files/figure-latex/servicios-1.pdf> <./InformeOL_files/figure-l
atex/clausulaMCE-1.pdf>]
File: www/logos_MinSalud_FNE.png Graphic file (type png)
<use www/logos_MinSalud_FNE.png>
Package pdftex.def Info: www/logos_MinSalud_FNE.png  used on input line 411.
(pdftex.def)             Requested size: 307.14749pt x 30.13516pt.

Package fancyhdr Warning: \headheight is too small (32.0pt): 
(fancyhdr)                Make it at least 33.7352pt, for example:
(fancyhdr)                \setlength{\headheight}{33.7352pt}.
(fancyhdr)                You might also make \topmargin smaller to compensate:

(fancyhdr)                \addtolength{\topmargin}{-1.7352pt}.

[7 <./InformeOL_files/figure-latex/corresponsabilidad-1.pdf>]
Cap\'{\i }tulo 3.
<InformeOL_files/figure-latex/capacitaciones1-1.pdf, id=280, 578.16pt x 289.08p
t>
File: InformeOL_files/figure-latex/capacitaciones1-1.pdf Graphic file (type pdf
)
<use InformeOL_files/figure-latex/capacitaciones1-1.pdf>
Package pdftex.def Info: InformeOL_files/figure-latex/capacitaciones1-1.pdf  us
ed on input line 417.
(pdftex.def)             Requested size: 439.59511pt x 219.7957pt.
<InformeOL_files/figure-latex/capacitaciones2-1.pdf, id=281, 578.16pt x 289.08p
t>
File: InformeOL_files/figure-latex/capacitaciones2-1.pdf Graphic file (type pdf
)
<use InformeOL_files/figure-latex/capacitaciones2-1.pdf>
Package pdftex.def Info: InformeOL_files/figure-latex/capacitaciones2-1.pdf  us
ed on input line 426.
(pdftex.def)             Requested size: 439.59511pt x 219.7957pt.
<InformeOL_files/figure-latex/capacitaciones3-1.pdf, id=282, 578.16pt x 289.08p
t>
File: InformeOL_files/figure-latex/capacitaciones3-1.pdf Graphic file (type pdf
)
<use InformeOL_files/figure-latex/capacitaciones3-1.pdf>
Package pdftex.def Info: InformeOL_files/figure-latex/capacitaciones3-1.pdf  us
ed on input line 435.
(pdftex.def)             Requested size: 439.59511pt x 219.7957pt.

Package fancyhdr Warning: \fancyhead's `E' option without twoside option is use
less on input line 443.


Package fancyhdr Warning: \fancyfoot's `E' option without twoside option is use
less on input line 443.


Package fancyhdr Warning: \fancyfoot's `E' option without twoside option is use
less on input line 443.

File: www/logos_MinSalud_FNE.png Graphic file (type png)
<use www/logos_MinSalud_FNE.png>
Package pdftex.def Info: www/logos_MinSalud_FNE.png  used on input line 443.
(pdftex.def)             Requested size: 307.14749pt x 30.13516pt.
[8

]
File: www/logos_MinSalud_FNE.png Graphic file (type png)
<use www/logos_MinSalud_FNE.png>
Package pdftex.def Info: www/logos_MinSalud_FNE.png  used on input line 443.
(pdftex.def)             Requested size: 307.14749pt x 30.13516pt.

Package fancyhdr Warning: \headheight is too small (32.0pt): 
(fancyhdr)                Make it at least 33.7352pt, for example:
(fancyhdr)                \setlength{\headheight}{33.7352pt}.
(fancyhdr)                You might also make \topmargin smaller to compensate:

(fancyhdr)                \addtolength{\topmargin}{-1.7352pt}.

[9 <./InformeOL_files/figure-latex/capacitaciones1-1.pdf> <./InformeOL_files/fi
gure-latex/capacitaciones2-1.pdf>]
File: www/logos_MinSalud_FNE.png Graphic file (type png)
<use www/logos_MinSalud_FNE.png>
Package pdftex.def Info: www/logos_MinSalud_FNE.png  used on input line 443.
(pdftex.def)             Requested size: 307.14749pt x 30.13516pt.

Package fancyhdr Warning: \headheight is too small (32.0pt): 
(fancyhdr)                Make it at least 33.7352pt, for example:
(fancyhdr)                \setlength{\headheight}{33.7352pt}.
(fancyhdr)                You might also make \topmargin smaller to compensate:

(fancyhdr)                \addtolength{\topmargin}{-1.7352pt}.

[10 <./InformeOL_files/figure-latex/capacitaciones3-1.pdf>]
Cap\'{\i }tulo 4.

Package fancyhdr Warning: \fancyhead's `E' option without twoside option is use
less on input line 446.


Package fancyhdr Warning: \fancyfoot's `E' option without twoside option is use
less on input line 446.


Package fancyhdr Warning: \fancyfoot's `E' option without twoside option is use
less on input line 446.

File: www/logos_MinSalud_FNE.png Graphic file (type png)
<use www/logos_MinSalud_FNE.png>
Package pdftex.def Info: www/logos_MinSalud_FNE.png  used on input line 446.
(pdftex.def)             Requested size: 307.14749pt x 30.13516pt.
[11

]
Cap\'{\i }tulo 5.
<InformeOL_files/figure-latex/ROE1-1.pdf, id=326, 578.16pt x 289.08pt>
File: InformeOL_files/figure-latex/ROE1-1.pdf Graphic file (type pdf)
<use InformeOL_files/figure-latex/ROE1-1.pdf>
Package pdftex.def Info: InformeOL_files/figure-latex/ROE1-1.pdf  used on input
 line 450.
(pdftex.def)             Requested size: 439.59511pt x 219.7957pt.
<InformeOL_files/figure-latex/ROE2-1.pdf, id=327, 578.16pt x 289.08pt>
File: InformeOL_files/figure-latex/ROE2-1.pdf Graphic file (type pdf)
<use InformeOL_files/figure-latex/ROE2-1.pdf>
Package pdftex.def Info: InformeOL_files/figure-latex/ROE2-1.pdf  used on input
 line 459.
(pdftex.def)             Requested size: 439.59511pt x 219.7957pt.
<InformeOL_files/figure-latex/ROE3-1.pdf, id=328, 722.7pt x 289.08pt>
File: InformeOL_files/figure-latex/ROE3-1.pdf Graphic file (type pdf)
<use InformeOL_files/figure-latex/ROE3-1.pdf>
Package pdftex.def Info: InformeOL_files/figure-latex/ROE3-1.pdf  used on input
 line 468.
(pdftex.def)             Requested size: 439.59511pt x 175.84009pt.

Package fancyhdr Warning: \fancyhead's `E' option without twoside option is use
less on input line 476.


Package fancyhdr Warning: \fancyfoot's `E' option without twoside option is use
less on input line 476.


Package fancyhdr Warning: \fancyfoot's `E' option without twoside option is use
less on input line 476.

File: www/logos_MinSalud_FNE.png Graphic file (type png)
<use www/logos_MinSalud_FNE.png>
Package pdftex.def Info: www/logos_MinSalud_FNE.png  used on input line 476.
(pdftex.def)             Requested size: 307.14749pt x 30.13516pt.
[12

]
File: www/logos_MinSalud_FNE.png Graphic file (type png)
<use www/logos_MinSalud_FNE.png>
Package pdftex.def Info: www/logos_MinSalud_FNE.png  used on input line 476.
(pdftex.def)             Requested size: 307.14749pt x 30.13516pt.

Package fancyhdr Warning: \headheight is too small (32.0pt): 
(fancyhdr)                Make it at least 33.7352pt, for example:
(fancyhdr)                \setlength{\headheight}{33.7352pt}.
(fancyhdr)                You might also make \topmargin smaller to compensate:

(fancyhdr)                \addtolength{\topmargin}{-1.7352pt}.

[13 <./InformeOL_files/figure-latex/ROE1-1.pdf> <./InformeOL_files/figure-latex
/ROE2-1.pdf>]
File: www/logos_MinSalud_FNE.png Graphic file (type png)
<use www/logos_MinSalud_FNE.png>
Package pdftex.def Info: www/logos_MinSalud_FNE.png  used on input line 476.
(pdftex.def)             Requested size: 307.14749pt x 30.13516pt.

Package fancyhdr Warning: \headheight is too small (32.0pt): 
(fancyhdr)                Make it at least 33.7352pt, for example:
(fancyhdr)                \setlength{\headheight}{33.7352pt}.
(fancyhdr)                You might also make \topmargin smaller to compensate:

(fancyhdr)                \addtolength{\topmargin}{-1.7352pt}.

[14 <./InformeOL_files/figure-latex/ROE3-1.pdf>]
Cap\'{\i }tulo 6.
<InformeOL_files/figure-latex/inventario1-1.pdf, id=366, 433.62pt x 216.81pt>
File: InformeOL_files/figure-latex/inventario1-1.pdf Graphic file (type pdf)
<use InformeOL_files/figure-latex/inventario1-1.pdf>
Package pdftex.def Info: InformeOL_files/figure-latex/inventario1-1.pdf  used o
n input line 480.
(pdftex.def)             Requested size: 439.59511pt x 219.81004pt.
<InformeOL_files/figure-latex/inventario2-1.pdf, id=367, 722.7pt x 578.16pt>
File: InformeOL_files/figure-latex/inventario2-1.pdf Graphic file (type pdf)
<use InformeOL_files/figure-latex/inventario2-1.pdf>
Package pdftex.def Info: InformeOL_files/figure-latex/inventario2-1.pdf  used o
n input line 489.
(pdftex.def)             Requested size: 439.59511pt x 351.68019pt.
<InformeOL_files/figure-latex/tiempoEstimacion1-1.pdf, id=368, 578.16pt x 252.9
45pt>
File: InformeOL_files/figure-latex/tiempoEstimacion1-1.pdf Graphic file (type p
df)
<use InformeOL_files/figure-latex/tiempoEstimacion1-1.pdf>
Package pdftex.def Info: InformeOL_files/figure-latex/tiempoEstimacion1-1.pdf  
used on input line 498.
(pdftex.def)             Requested size: 439.59511pt x 192.32124pt.
<InformeOL_files/figure-latex/tiempoEstimacion2-1.pdf, id=369, 578.16pt x 289.0
8pt>
File: InformeOL_files/figure-latex/tiempoEstimacion2-1.pdf Graphic file (type p
df)
<use InformeOL_files/figure-latex/tiempoEstimacion2-1.pdf>
Package pdftex.def Info: InformeOL_files/figure-latex/tiempoEstimacion2-1.pdf  
used on input line 507.
(pdftex.def)             Requested size: 439.59511pt x 219.7957pt.
<InformeOL_files/figure-latex/tiempoEstimacion3-1.pdf, id=370, 578.16pt x 289.0
8pt>
File: InformeOL_files/figure-latex/tiempoEstimacion3-1.pdf Graphic file (type p
df)
<use InformeOL_files/figure-latex/tiempoEstimacion3-1.pdf>
Package pdftex.def Info: InformeOL_files/figure-latex/tiempoEstimacion3-1.pdf  
used on input line 516.
(pdftex.def)             Requested size: 439.59511pt x 219.7957pt.

Package fancyhdr Warning: \fancyhead's `E' option without twoside option is use
less on input line 524.


Package fancyhdr Warning: \fancyfoot's `E' option without twoside option is use
less on input line 524.


Package fancyhdr Warning: \fancyfoot's `E' option without twoside option is use
less on input line 524.

File: www/logos_MinSalud_FNE.png Graphic file (type png)
<use www/logos_MinSalud_FNE.png>
Package pdftex.def Info: www/logos_MinSalud_FNE.png  used on input line 524.
(pdftex.def)             Requested size: 307.14749pt x 30.13516pt.
[15

]
File: www/logos_MinSalud_FNE.png Graphic file (type png)
<use www/logos_MinSalud_FNE.png>
Package pdftex.def Info: www/logos_MinSalud_FNE.png  used on input line 524.
(pdftex.def)             Requested size: 307.14749pt x 30.13516pt.

Package fancyhdr Warning: \headheight is too small (32.0pt): 
(fancyhdr)                Make it at least 33.7352pt, for example:
(fancyhdr)                \setlength{\headheight}{33.7352pt}.
(fancyhdr)                You might also make \topmargin smaller to compensate:

(fancyhdr)                \addtolength{\topmargin}{-1.7352pt}.

[16 <./InformeOL_files/figure-latex/inventario1-1.pdf>]
File: www/logos_MinSalud_FNE.png Graphic file (type png)
<use www/logos_MinSalud_FNE.png>
Package pdftex.def Info: www/logos_MinSalud_FNE.png  used on input line 524.
(pdftex.def)             Requested size: 307.14749pt x 30.13516pt.

Package fancyhdr Warning: \headheight is too small (32.0pt): 
(fancyhdr)                Make it at least 33.7352pt, for example:
(fancyhdr)                \setlength{\headheight}{33.7352pt}.
(fancyhdr)                You might also make \topmargin smaller to compensate:

(fancyhdr)                \addtolength{\topmargin}{-1.7352pt}.

[17 <./InformeOL_files/figure-latex/inventario2-1.pdf>]
File: www/logos_MinSalud_FNE.png Graphic file (type png)
<use www/logos_MinSalud_FNE.png>
Package pdftex.def Info: www/logos_MinSalud_FNE.png  used on input line 524.
(pdftex.def)             Requested size: 307.14749pt x 30.13516pt.

Package fancyhdr Warning: \headheight is too small (32.0pt): 
(fancyhdr)                Make it at least 33.7352pt, for example:
(fancyhdr)                \setlength{\headheight}{33.7352pt}.
(fancyhdr)                You might also make \topmargin smaller to compensate:

(fancyhdr)                \addtolength{\topmargin}{-1.7352pt}.

[18 <./InformeOL_files/figure-latex/tiempoEstimacion1-1.pdf> <./InformeOL_files
/figure-latex/tiempoEstimacion2-1.pdf>]
File: www/logos_MinSalud_FNE.png Graphic file (type png)
<use www/logos_MinSalud_FNE.png>
Package pdftex.def Info: www/logos_MinSalud_FNE.png  used on input line 524.
(pdftex.def)             Requested size: 307.14749pt x 30.13516pt.

Package fancyhdr Warning: \headheight is too small (32.0pt): 
(fancyhdr)                Make it at least 33.7352pt, for example:
(fancyhdr)                \setlength{\headheight}{33.7352pt}.
(fancyhdr)                You might also make \topmargin smaller to compensate:

(fancyhdr)                \addtolength{\topmargin}{-1.7352pt}.

[19 <./InformeOL_files/figure-latex/tiempoEstimacion3-1.pdf>]
Cap\'{\i }tulo 7.
<InformeOL_files/figure-latex/frecCompras-1.pdf, id=430, 578.16pt x 289.08pt>
File: InformeOL_files/figure-latex/frecCompras-1.pdf Graphic file (type pdf)
<use InformeOL_files/figure-latex/frecCompras-1.pdf>
Package pdftex.def Info: InformeOL_files/figure-latex/frecCompras-1.pdf  used o
n input line 528.
(pdftex.def)             Requested size: 439.59511pt x 219.7957pt.
<InformeOL_files/figure-latex/cantidadesSolicitadas-1.pdf, id=431, 722.7pt x 57
8.16pt>
File: InformeOL_files/figure-latex/cantidadesSolicitadas-1.pdf Graphic file (ty
pe pdf)
<use InformeOL_files/figure-latex/cantidadesSolicitadas-1.pdf>
Package pdftex.def Info: InformeOL_files/figure-latex/cantidadesSolicitadas-1.p
df  used on input line 537.
(pdftex.def)             Requested size: 439.59511pt x 351.68019pt.

Package fancyhdr Warning: \fancyhead's `E' option without twoside option is use
less on input line 545.


Package fancyhdr Warning: \fancyfoot's `E' option without twoside option is use
less on input line 545.


Package fancyhdr Warning: \fancyfoot's `E' option without twoside option is use
less on input line 545.

File: www/logos_MinSalud_FNE.png Graphic file (type png)
<use www/logos_MinSalud_FNE.png>
Package pdftex.def Info: www/logos_MinSalud_FNE.png  used on input line 545.
(pdftex.def)             Requested size: 307.14749pt x 30.13516pt.
[20

]
File: www/logos_MinSalud_FNE.png Graphic file (type png)
<use www/logos_MinSalud_FNE.png>
Package pdftex.def Info: www/logos_MinSalud_FNE.png  used on input line 545.
(pdftex.def)             Requested size: 307.14749pt x 30.13516pt.

Package fancyhdr Warning: \headheight is too small (32.0pt): 
(fancyhdr)                Make it at least 33.7352pt, for example:
(fancyhdr)                \setlength{\headheight}{33.7352pt}.
(fancyhdr)                You might also make \topmargin smaller to compensate:

(fancyhdr)                \addtolength{\topmargin}{-1.7352pt}.

[21 <./InformeOL_files/figure-latex/frecCompras-1.pdf>]
File: www/logos_MinSalud_FNE.png Graphic file (type png)
<use www/logos_MinSalud_FNE.png>
Package pdftex.def Info: www/logos_MinSalud_FNE.png  used on input line 545.
(pdftex.def)             Requested size: 307.14749pt x 30.13516pt.

Package fancyhdr Warning: \headheight is too small (32.0pt): 
(fancyhdr)                Make it at least 33.7352pt, for example:
(fancyhdr)                \setlength{\headheight}{33.7352pt}.
(fancyhdr)                You might also make \topmargin smaller to compensate:

(fancyhdr)                \addtolength{\topmargin}{-1.7352pt}.

[22 <./InformeOL_files/figure-latex/cantidadesSolicitadas-1.pdf>]
Cap\'{\i }tulo 8.
<InformeOL_files/figure-latex/comunicaciones-1.pdf, id=461, 578.16pt x 433.62pt
>
File: InformeOL_files/figure-latex/comunicaciones-1.pdf Graphic file (type pdf)

<use InformeOL_files/figure-latex/comunicaciones-1.pdf>
Package pdftex.def Info: InformeOL_files/figure-latex/comunicaciones-1.pdf  use
d on input line 549.
(pdftex.def)             Requested size: 439.59511pt x 329.69357pt.
<InformeOL_files/figure-latex/opinionComunicaciones-1.pdf, id=462, 578.16pt x 2
89.08pt>
File: InformeOL_files/figure-latex/opinionComunicaciones-1.pdf Graphic file (ty
pe pdf)
<use InformeOL_files/figure-latex/opinionComunicaciones-1.pdf>
Package pdftex.def Info: InformeOL_files/figure-latex/opinionComunicaciones-1.p
df  used on input line 557.
(pdftex.def)             Requested size: 439.59511pt x 219.7957pt.
<InformeOL_files/figure-latex/divulgacionCirculares-1.pdf, id=463, 578.16pt x 2
89.08pt>
File: InformeOL_files/figure-latex/divulgacionCirculares-1.pdf Graphic file (ty
pe pdf)
<use InformeOL_files/figure-latex/divulgacionCirculares-1.pdf>
Package pdftex.def Info: InformeOL_files/figure-latex/divulgacionCirculares-1.p
df  used on input line 565.
(pdftex.def)             Requested size: 439.59511pt x 219.7957pt.

Package fancyhdr Warning: \fancyhead's `E' option without twoside option is use
less on input line 573.


Package fancyhdr Warning: \fancyfoot's `E' option without twoside option is use
less on input line 573.


Package fancyhdr Warning: \fancyfoot's `E' option without twoside option is use
less on input line 573.

File: www/logos_MinSalud_FNE.png Graphic file (type png)
<use www/logos_MinSalud_FNE.png>
Package pdftex.def Info: www/logos_MinSalud_FNE.png  used on input line 573.
(pdftex.def)             Requested size: 307.14749pt x 30.13516pt.
[23

]
File: www/logos_MinSalud_FNE.png Graphic file (type png)
<use www/logos_MinSalud_FNE.png>
Package pdftex.def Info: www/logos_MinSalud_FNE.png  used on input line 573.
(pdftex.def)             Requested size: 307.14749pt x 30.13516pt.

Package fancyhdr Warning: \headheight is too small (32.0pt): 
(fancyhdr)                Make it at least 33.7352pt, for example:
(fancyhdr)                \setlength{\headheight}{33.7352pt}.
(fancyhdr)                You might also make \topmargin smaller to compensate:

(fancyhdr)                \addtolength{\topmargin}{-1.7352pt}.

[24 <./InformeOL_files/figure-latex/comunicaciones-1.pdf>]
File: www/logos_MinSalud_FNE.png Graphic file (type png)
<use www/logos_MinSalud_FNE.png>
Package pdftex.def Info: www/logos_MinSalud_FNE.png  used on input line 573.
(pdftex.def)             Requested size: 307.14749pt x 30.13516pt.

Package fancyhdr Warning: \headheight is too small (32.0pt): 
(fancyhdr)                Make it at least 33.7352pt, for example:
(fancyhdr)                \setlength{\headheight}{33.7352pt}.
(fancyhdr)                You might also make \topmargin smaller to compensate:

(fancyhdr)                \addtolength{\topmargin}{-1.7352pt}.

[25 <./InformeOL_files/figure-latex/opinionComunicaciones-1.pdf> <./InformeOL_f
iles/figure-latex/divulgacionCirculares-1.pdf>]
Cap\'{\i }tulo 9.
<InformeOL_files/figure-latex/conformidadProcesoCompra-1.pdf, id=502, 578.16pt 
x 325.215pt>
File: InformeOL_files/figure-latex/conformidadProcesoCompra-1.pdf Graphic file 
(type pdf)
<use InformeOL_files/figure-latex/conformidadProcesoCompra-1.pdf>
Package pdftex.def Info: InformeOL_files/figure-latex/conformidadProcesoCompra-
1.pdf  used on input line 577.
(pdftex.def)             Requested size: 439.59511pt x 247.27017pt.
<InformeOL_files/figure-latex/conformidadSistemaCompra-1.pdf, id=503, 578.16pt 
x 325.215pt>
File: InformeOL_files/figure-latex/conformidadSistemaCompra-1.pdf Graphic file 
(type pdf)
<use InformeOL_files/figure-latex/conformidadSistemaCompra-1.pdf>
Package pdftex.def Info: InformeOL_files/figure-latex/conformidadSistemaCompra-
1.pdf  used on input line 585.
(pdftex.def)             Requested size: 439.59511pt x 247.27017pt.
<InformeOL_files/figure-latex/averiasProductos-1.pdf, id=504, 578.16pt x 325.21
5pt>
File: InformeOL_files/figure-latex/averiasProductos-1.pdf Graphic file (type pd
f)
<use InformeOL_files/figure-latex/averiasProductos-1.pdf>
Package pdftex.def Info: InformeOL_files/figure-latex/averiasProductos-1.pdf  u
sed on input line 593.
(pdftex.def)             Requested size: 439.59511pt x 247.27017pt.
<InformeOL_files/figure-latex/procedimientosMCE-1.pdf, id=505, 578.16pt x 325.2
15pt>
File: InformeOL_files/figure-latex/procedimientosMCE-1.pdf Graphic file (type p
df)
<use InformeOL_files/figure-latex/procedimientosMCE-1.pdf>
Package pdftex.def Info: InformeOL_files/figure-latex/procedimientosMCE-1.pdf  
used on input line 602.
(pdftex.def)             Requested size: 439.59511pt x 247.27017pt.
<InformeOL_files/figure-latex/disponibilidadTrasporte-1.pdf, id=506, 578.16pt x
 289.08pt>
File: InformeOL_files/figure-latex/disponibilidadTrasporte-1.pdf Graphic file (
type pdf)
<use InformeOL_files/figure-latex/disponibilidadTrasporte-1.pdf>
Package pdftex.def Info: InformeOL_files/figure-latex/disponibilidadTrasporte-1
.pdf  used on input line 611.
(pdftex.def)             Requested size: 439.59511pt x 219.7957pt.

Package fancyhdr Warning: \fancyhead's `E' option without twoside option is use
less on input line 619.


Package fancyhdr Warning: \fancyfoot's `E' option without twoside option is use
less on input line 619.


Package fancyhdr Warning: \fancyfoot's `E' option without twoside option is use
less on input line 619.

File: www/logos_MinSalud_FNE.png Graphic file (type png)
<use www/logos_MinSalud_FNE.png>
Package pdftex.def Info: www/logos_MinSalud_FNE.png  used on input line 619.
(pdftex.def)             Requested size: 307.14749pt x 30.13516pt.
[26

]
File: www/logos_MinSalud_FNE.png Graphic file (type png)
<use www/logos_MinSalud_FNE.png>
Package pdftex.def Info: www/logos_MinSalud_FNE.png  used on input line 619.
(pdftex.def)             Requested size: 307.14749pt x 30.13516pt.

Package fancyhdr Warning: \headheight is too small (32.0pt): 
(fancyhdr)                Make it at least 33.7352pt, for example:
(fancyhdr)                \setlength{\headheight}{33.7352pt}.
(fancyhdr)                You might also make \topmargin smaller to compensate:

(fancyhdr)                \addtolength{\topmargin}{-1.7352pt}.

[27 <./InformeOL_files/figure-latex/conformidadProcesoCompra-1.pdf> <./InformeO
L_files/figure-latex/conformidadSistemaCompra-1.pdf>]
File: www/logos_MinSalud_FNE.png Graphic file (type png)
<use www/logos_MinSalud_FNE.png>
Package pdftex.def Info: www/logos_MinSalud_FNE.png  used on input line 619.
(pdftex.def)             Requested size: 307.14749pt x 30.13516pt.

Package fancyhdr Warning: \headheight is too small (32.0pt): 
(fancyhdr)                Make it at least 33.7352pt, for example:
(fancyhdr)                \setlength{\headheight}{33.7352pt}.
(fancyhdr)                You might also make \topmargin smaller to compensate:

(fancyhdr)                \addtolength{\topmargin}{-1.7352pt}.

[28 <./InformeOL_files/figure-latex/averiasProductos-1.pdf> <./InformeOL_files/
figure-latex/procedimientosMCE-1.pdf>]
File: www/logos_MinSalud_FNE.png Graphic file (type png)
<use www/logos_MinSalud_FNE.png>
Package pdftex.def Info: www/logos_MinSalud_FNE.png  used on input line 619.
(pdftex.def)             Requested size: 307.14749pt x 30.13516pt.

Package fancyhdr Warning: \headheight is too small (32.0pt): 
(fancyhdr)                Make it at least 33.7352pt, for example:
(fancyhdr)                \setlength{\headheight}{33.7352pt}.
(fancyhdr)                You might also make \topmargin smaller to compensate:

(fancyhdr)                \addtolength{\topmargin}{-1.7352pt}.

[29 <./InformeOL_files/figure-latex/disponibilidadTrasporte-1.pdf>]
Cap\'{\i }tulo 10.
<InformeOL_files/figure-latex/almacenamientoSeguridad-1.pdf, id=565, 578.16pt x
 289.08pt>
File: InformeOL_files/figure-latex/almacenamientoSeguridad-1.pdf Graphic file (
type pdf)
<use InformeOL_files/figure-latex/almacenamientoSeguridad-1.pdf>
Package pdftex.def Info: InformeOL_files/figure-latex/almacenamientoSeguridad-1
.pdf  used on input line 623.
(pdftex.def)             Requested size: 439.59511pt x 219.7957pt.
<InformeOL_files/figure-latex/revisionCondiciones-1.pdf, id=566, 578.16pt x 289
.08pt>
File: InformeOL_files/figure-latex/revisionCondiciones-1.pdf Graphic file (type
 pdf)
<use InformeOL_files/figure-latex/revisionCondiciones-1.pdf>
Package pdftex.def Info: InformeOL_files/figure-latex/revisionCondiciones-1.pdf
  used on input line 632.
(pdftex.def)             Requested size: 439.59511pt x 219.7957pt.
<InformeOL_files/figure-latex/nivelesSeguridad-1.pdf, id=567, 578.16pt x 289.08
pt>
File: InformeOL_files/figure-latex/nivelesSeguridad-1.pdf Graphic file (type pd
f)
<use InformeOL_files/figure-latex/nivelesSeguridad-1.pdf>
Package pdftex.def Info: InformeOL_files/figure-latex/nivelesSeguridad-1.pdf  u
sed on input line 641.
(pdftex.def)             Requested size: 439.59511pt x 219.7957pt.
<InformeOL_files/figure-latex/reglasDecision-1.pdf, id=568, 578.16pt x 289.08pt
>
File: InformeOL_files/figure-latex/reglasDecision-1.pdf Graphic file (type pdf)

<use InformeOL_files/figure-latex/reglasDecision-1.pdf>
Package pdftex.def Info: InformeOL_files/figure-latex/reglasDecision-1.pdf  use
d on input line 650.
(pdftex.def)             Requested size: 439.59511pt x 219.7957pt.
<InformeOL_files/figure-latex/vencimientos-1.pdf, id=569, 578.16pt x 289.08pt>
File: InformeOL_files/figure-latex/vencimientos-1.pdf Graphic file (type pdf)
<use InformeOL_files/figure-latex/vencimientos-1.pdf>
Package pdftex.def Info: InformeOL_files/figure-latex/vencimientos-1.pdf  used 
on input line 659.
(pdftex.def)             Requested size: 439.59511pt x 219.7957pt.

Package fancyhdr Warning: \fancyhead's `E' option without twoside option is use
less on input line 667.


Package fancyhdr Warning: \fancyfoot's `E' option without twoside option is use
less on input line 667.


Package fancyhdr Warning: \fancyfoot's `E' option without twoside option is use
less on input line 667.

File: www/logos_MinSalud_FNE.png Graphic file (type png)
<use www/logos_MinSalud_FNE.png>
Package pdftex.def Info: www/logos_MinSalud_FNE.png  used on input line 667.
(pdftex.def)             Requested size: 307.14749pt x 30.13516pt.
[30

]
File: www/logos_MinSalud_FNE.png Graphic file (type png)
<use www/logos_MinSalud_FNE.png>
Package pdftex.def Info: www/logos_MinSalud_FNE.png  used on input line 667.
(pdftex.def)             Requested size: 307.14749pt x 30.13516pt.

Package fancyhdr Warning: \headheight is too small (32.0pt): 
(fancyhdr)                Make it at least 33.7352pt, for example:
(fancyhdr)                \setlength{\headheight}{33.7352pt}.
(fancyhdr)                You might also make \topmargin smaller to compensate:

(fancyhdr)                \addtolength{\topmargin}{-1.7352pt}.

[31 <./InformeOL_files/figure-latex/almacenamientoSeguridad-1.pdf> <./InformeOL
_files/figure-latex/revisionCondiciones-1.pdf>]
File: www/logos_MinSalud_FNE.png Graphic file (type png)
<use www/logos_MinSalud_FNE.png>
Package pdftex.def Info: www/logos_MinSalud_FNE.png  used on input line 667.
(pdftex.def)             Requested size: 307.14749pt x 30.13516pt.

Package fancyhdr Warning: \headheight is too small (32.0pt): 
(fancyhdr)                Make it at least 33.7352pt, for example:
(fancyhdr)                \setlength{\headheight}{33.7352pt}.
(fancyhdr)                You might also make \topmargin smaller to compensate:

(fancyhdr)                \addtolength{\topmargin}{-1.7352pt}.

[32 <./InformeOL_files/figure-latex/nivelesSeguridad-1.pdf> <./InformeOL_files/
figure-latex/reglasDecision-1.pdf>]
File: www/logos_MinSalud_FNE.png Graphic file (type png)
<use www/logos_MinSalud_FNE.png>
Package pdftex.def Info: www/logos_MinSalud_FNE.png  used on input line 667.
(pdftex.def)             Requested size: 307.14749pt x 30.13516pt.

Package fancyhdr Warning: \headheight is too small (32.0pt): 
(fancyhdr)                Make it at least 33.7352pt, for example:
(fancyhdr)                \setlength{\headheight}{33.7352pt}.
(fancyhdr)                You might also make \topmargin smaller to compensate:

(fancyhdr)                \addtolength{\topmargin}{-1.7352pt}.

[33 <./InformeOL_files/figure-latex/vencimientos-1.pdf>]
Cap\'{\i }tulo 11.
<InformeOL_files/figure-latex/portafolioPreguntas-1.pdf, id=627, 505.89pt x 289
.08pt>
File: InformeOL_files/figure-latex/portafolioPreguntas-1.pdf Graphic file (type
 pdf)
<use InformeOL_files/figure-latex/portafolioPreguntas-1.pdf>
Package pdftex.def Info: InformeOL_files/figure-latex/portafolioPreguntas-1.pdf
  used on input line 674.
(pdftex.def)             Requested size: 439.59511pt x 251.20203pt.
<InformeOL_files/figure-latex/conformidadPresentaciones-1.pdf, id=628, 505.89pt
 x 289.08pt>
File: InformeOL_files/figure-latex/conformidadPresentaciones-1.pdf Graphic file
 (type pdf)
<use InformeOL_files/figure-latex/conformidadPresentaciones-1.pdf>
Package pdftex.def Info: InformeOL_files/figure-latex/conformidadPresentaciones
-1.pdf  used on input line 682.
(pdftex.def)             Requested size: 439.59511pt x 251.20203pt.
<InformeOL_files/figure-latex/fenobarbitalPresentaciones-1.pdf, id=629, 505.89p
t x 289.08pt>
File: InformeOL_files/figure-latex/fenobarbitalPresentaciones-1.pdf Graphic fil
e (type pdf)
<use InformeOL_files/figure-latex/fenobarbitalPresentaciones-1.pdf>
Package pdftex.def Info: InformeOL_files/figure-latex/fenobarbitalPresentacione
s-1.pdf  used on input line 694.
(pdftex.def)             Requested size: 439.59511pt x 251.20203pt.
<InformeOL_files/figure-latex/usoMagistralesFNE-1.pdf, id=630, 1084.05pt x 433.
62pt>
File: InformeOL_files/figure-latex/usoMagistralesFNE-1.pdf Graphic file (type p
df)
<use InformeOL_files/figure-latex/usoMagistralesFNE-1.pdf>
Package pdftex.def Info: InformeOL_files/figure-latex/usoMagistralesFNE-1.pdf  
used on input line 706.
(pdftex.def)             Requested size: 439.59511pt x 175.8401pt.

Package fancyhdr Warning: \fancyhead's `E' option without twoside option is use
less on input line 714.


Package fancyhdr Warning: \fancyfoot's `E' option without twoside option is use
less on input line 714.


Package fancyhdr Warning: \fancyfoot's `E' option without twoside option is use
less on input line 714.

File: www/logos_MinSalud_FNE.png Graphic file (type png)
<use www/logos_MinSalud_FNE.png>
Package pdftex.def Info: www/logos_MinSalud_FNE.png  used on input line 714.
(pdftex.def)             Requested size: 307.14749pt x 30.13516pt.
[34

]
File: www/logos_MinSalud_FNE.png Graphic file (type png)
<use www/logos_MinSalud_FNE.png>
Package pdftex.def Info: www/logos_MinSalud_FNE.png  used on input line 714.
(pdftex.def)             Requested size: 307.14749pt x 30.13516pt.

Package fancyhdr Warning: \headheight is too small (32.0pt): 
(fancyhdr)                Make it at least 33.7352pt, for example:
(fancyhdr)                \setlength{\headheight}{33.7352pt}.
(fancyhdr)                You might also make \topmargin smaller to compensate:

(fancyhdr)                \addtolength{\topmargin}{-1.7352pt}.

[35 <./InformeOL_files/figure-latex/portafolioPreguntas-1.pdf> <./InformeOL_fil
es/figure-latex/conformidadPresentaciones-1.pdf>]
File: www/logos_MinSalud_FNE.png Graphic file (type png)
<use www/logos_MinSalud_FNE.png>
Package pdftex.def Info: www/logos_MinSalud_FNE.png  used on input line 714.
(pdftex.def)             Requested size: 307.14749pt x 30.13516pt.

Package fancyhdr Warning: \headheight is too small (32.0pt): 
(fancyhdr)                Make it at least 33.7352pt, for example:
(fancyhdr)                \setlength{\headheight}{33.7352pt}.
(fancyhdr)                You might also make \topmargin smaller to compensate:

(fancyhdr)                \addtolength{\topmargin}{-1.7352pt}.

[36 <./InformeOL_files/figure-latex/fenobarbitalPresentaciones-1.pdf> <./Inform
eOL_files/figure-latex/usoMagistralesFNE-1.pdf>]
Cap\'{\i }tulo 12.
<InformeOL_files/figure-latex/codigoBarras-1.pdf, id=677, 578.16pt x 289.08pt>
File: InformeOL_files/figure-latex/codigoBarras-1.pdf Graphic file (type pdf)
<use InformeOL_files/figure-latex/codigoBarras-1.pdf>
Package pdftex.def Info: InformeOL_files/figure-latex/codigoBarras-1.pdf  used 
on input line 721.
(pdftex.def)             Requested size: 439.59511pt x 219.7957pt.
<InformeOL_files/figure-latex/TiempoA13-1.pdf, id=678, 722.7pt x 722.7pt>
File: InformeOL_files/figure-latex/TiempoA13-1.pdf Graphic file (type pdf)
<use InformeOL_files/figure-latex/TiempoA13-1.pdf>
Package pdftex.def Info: InformeOL_files/figure-latex/TiempoA13-1.pdf  used on 
input line 733.
(pdftex.def)             Requested size: 439.59511pt x 439.60025pt.

Package fancyhdr Warning: \fancyhead's `E' option without twoside option is use
less on input line 741.


Package fancyhdr Warning: \fancyfoot's `E' option without twoside option is use
less on input line 741.


Package fancyhdr Warning: \fancyfoot's `E' option without twoside option is use
less on input line 741.

File: www/logos_MinSalud_FNE.png Graphic file (type png)
<use www/logos_MinSalud_FNE.png>
Package pdftex.def Info: www/logos_MinSalud_FNE.png  used on input line 741.
(pdftex.def)             Requested size: 307.14749pt x 30.13516pt.
[37

]
File: www/logos_MinSalud_FNE.png Graphic file (type png)
<use www/logos_MinSalud_FNE.png>
Package pdftex.def Info: www/logos_MinSalud_FNE.png  used on input line 741.
(pdftex.def)             Requested size: 307.14749pt x 30.13516pt.

Package fancyhdr Warning: \headheight is too small (32.0pt): 
(fancyhdr)                Make it at least 33.7352pt, for example:
(fancyhdr)                \setlength{\headheight}{33.7352pt}.
(fancyhdr)                You might also make \topmargin smaller to compensate:

(fancyhdr)                \addtolength{\topmargin}{-1.7352pt}.

[38 <./InformeOL_files/figure-latex/codigoBarras-1.pdf>]
File: www/logos_MinSalud_FNE.png Graphic file (type png)
<use www/logos_MinSalud_FNE.png>
Package pdftex.def Info: www/logos_MinSalud_FNE.png  used on input line 741.
(pdftex.def)             Requested size: 307.14749pt x 30.13516pt.

Package fancyhdr Warning: \headheight is too small (32.0pt): 
(fancyhdr)                Make it at least 33.7352pt, for example:
(fancyhdr)                \setlength{\headheight}{33.7352pt}.
(fancyhdr)                You might also make \topmargin smaller to compensate:

(fancyhdr)                \addtolength{\topmargin}{-1.7352pt}.

[39 <./InformeOL_files/figure-latex/TiempoA13-1.pdf>]
LaTeX Font Info:    Font shape `T1/phv/m/n' will be
(Font)              scaled to size 11.39996pt on input line 745.
LaTeX Font Info:    Font shape `T1/phv/b/n' will be
(Font)              scaled to size 11.39996pt on input line 745.

AED: lastpage setting LastPage

Package fancyhdr Warning: \fancyhead's `E' option without twoside option is use
less on input line 778.


Package fancyhdr Warning: \fancyfoot's `E' option without twoside option is use
less on input line 778.


Package fancyhdr Warning: \fancyfoot's `E' option without twoside option is use
less on input line 778.

File: www/logos_MinSalud_FNE.png Graphic file (type png)
<use www/logos_MinSalud_FNE.png>
Package pdftex.def Info: www/logos_MinSalud_FNE.png  used on input line 778.
(pdftex.def)             Requested size: 307.14749pt x 30.13516pt.
[40

] (InformeOL.aux
LaTeX Info: Redefining \. on input line 27.
LaTeX Info: Redefining \% on input line 27.
(titulos.aux)) ) 
Here is how much of TeX's memory you used:
 29821 strings out of 478863
 566327 string characters out of 2855994
 1007920 words of memory out of 3000000
 46887 multiletter control sequences out of 15000+600000
 474230 words of font info for 170 fonts, out of 8000000 for 9000
 1141 hyphenation exceptions out of 8191
 257i,16n,255p,1134b,1154s stack positions out of 5000i,500n,10000p,200000b,80000s
{C:/Program Files/MiKTeX 2.9/fonts/enc/dvips/base/8r.enc}<C:/Us
ers/Daniel/AppData/Roaming/MiKTeX/2.9/fonts/type1/urw/helvetic/uhvb8a.pfb><C:/U
sers/Daniel/AppData/Roaming/MiKTeX/2.9/fonts/type1/urw/helvetic/uhvr8a.pfb><C:/
Users/Daniel/AppData/Roaming/MiKTeX/2.9/fonts/type1/urw/helvetic/uhvro8a.pfb>
Output written on InformeOL.pdf (48 pages, 614435 bytes).
PDF statistics:
 838 PDF objects out of 1000 (max. 8388607)
 135 named destinations out of 1000 (max. 500000)
 18840 words of extra memory for PDF output out of 20736 (max. 10000000)

